------------------------------------------------------------------------------------------
      name:  <unnamed>
       log:  /Users/doylewr/practicum_2017/central/lessons/s1-09-descriptives/descriptives
> .log
  log type:  text
 opened on:  31 Oct 2017, 11:49:04

. 
. // NAME: Data cleaning
. // FILE: lecture11_descriptives.do
. // AUTH: Will Doyle
. // REVS: Benjamin Skinner
. // INIT: 6 November 2013
. // LAST: 31 October 2017
. 
. clear all                               // clear memory

. set more off                            // turn off annoying "__more__" feature

. 
. // set link for data, plot, and table directories
. global datadir "../data/"

. global plotdir "../plots/"

. global tabsdir "../tables/"

. 
. // set plot and table types
. global gtype eps

. global ttype html

. 
. // theme for graphics
. set scheme s1color

. 
. // open up modified plans data
. use plans2, clear

. 
. // use svyset to account for survey design
. svyset psu [pw = f1pnlwt], strat(strat_id) singleunit(scaled)

      pweight: f1pnlwt
          VCE: linearized
  Single unit: scaled
     Strata 1: strat_id
         SU 1: psu
        FPC 1: <zero>

. 
. // DESCRIBE THE DEPENDENT VARIABLE
. 
. // histogram of base year math score
. histogram bynels2m, name(hist_bynels2m)  ///
>     xtitle("NELS-1992 Scale-Equated Math Score") ///    
>     bin(25) /// we can try different bin widths
>     percent
(bin=25, start=.1471, width=.025824)

. 
.         
. graph export hist_bynels2m.$gtype, name(hist_bynels2m) replace
(file hist_bynels2m.eps written in EPS format)

. 
. // using groups
. 
. graph twoway histogram bynels2m, by(bystexp) note("")   

.     
. // spikeplot of base year math score
. spikeplot bynels2m, name(spike_bynels2m) ///
>     xtitle("NELS-1992 Scale-Equated Math Score")

.     
. graph export spike_bynels2m.$gtype, name(spike_bynels2m) replace
(file spike_bynels2m.eps written in EPS format)

. 
. // kernel density plot of base year math score
. kdensity bynels2m, name(kd_bynels2m) ///
>     xtitle("NELS Math Scores") ///
>     n(100) ///
>     bwidth(.025) ///
>     normal /// 
>         kernel(gaussian) ///
>     normopts(lpattern(dash)) 

.         
. graph export kd_bynels2m.$gtype, name(kd_bynels2m) replace
(file kd_bynels2m.eps written in EPS format)

. 
. // kernel density plots of base year math score across gender
. kdensity bynels2m if bysex == 1, name(kd_bynels2m_cond) ///
>     xtitle("NELS Math Scores") ///
>     n(100) ///
>     bwidth(.025) ///
>     addplot(kdensity bynels2m if bysex == 2, ///
>             n(100) ///
>             bwidth(.025) ///
>             ) ///
>     legend(label(1 "Males") label(2 "Females")) ///
>     note("") ///
>     title("")

. 
. graph export kd_bynels2m_cond.$gtype, name(kd_bynels2m_cond) replace
(file kd_bynels2m_cond.eps written in EPS format)

. 
. 
. // BASIC DESCRIPTIVE TABLE
. 
. // get mean estimates using svy
. svy: mean bynels2m bynels2r byses1 byses2 amind asian black hispanic white female
(running mean on estimation sample)

Survey: Mean estimation

Number of strata =     361         Number of obs    =    15512
Number of PSUs   =     751         Population size  =  3210779
                                   Design df        =      390

--------------------------------------------------------------
             |             Linearized
             |       Mean   Std. Err.     [95% Conf. Interval]
-------------+------------------------------------------------
    bynels2m |   .4485513   .0026715       .443299    .4538036
    bynels2r |   .2947283   .0017403      .2913067    .2981498
      byses1 |   .0050858   .0145406     -.0235019    .0336736
      byses2 |   .0049615   .0143462     -.0232441    .0331671
       amind |   .0096097   .0021007      .0054797    .0137397
       asian |   .0386928   .0025431      .0336929    .0436926
       black |   .1373778    .006713      .1241797    .1505759
    hispanic |   .1510179   .0084864      .1343331    .1677028
       white |   .6219287   .0099563      .6023541    .6415033
      female |   .4973999    .005431      .4867221    .5080776
--------------------------------------------------------------

. 
. // Store it
. estimates store my_mean

. 
. // store the estimates in a nice table using esttab
. esttab my_mean using means_se.rtf
file means_se.rtf already exists
r(602);

end of do-file

r(602);

. do esttab_test.rtf
file esttab_test.rtf not found
r(601);

. do test_esttab.do

. 
. // BASIC DESCRIPTIVE TABLE
. 
. use plans2, clear

. 
. // get mean estimates using svy
. svy: mean bynels2m bynels2r byses1 byses2 amind asian black hispanic white female
data not set up for svy, use svyset
r(119);

end of do-file

r(119);

. do "/Users/doylewr/practicum_2017/central/lessons/s1-09-descriptives/test_esttab.do"

. 
. // BASIC DESCRIPTIVE TABLE
. 
. use plans2, clear

. 
. // use svyset to account for survey design
. svyset psu [pw = f1pnlwt], strat(strat_id) singleunit(scaled)

      pweight: f1pnlwt
          VCE: linearized
  Single unit: scaled
     Strata 1: strat_id
         SU 1: psu
        FPC 1: <zero>

. 
. // get mean estimates using svy
. svy: mean bynels2m bynels2r byses1 byses2 amind asian black hispanic white female
(running mean on estimation sample)

Survey: Mean estimation

Number of strata =     361         Number of obs    =    15512
Number of PSUs   =     751         Population size  =  3210779
                                   Design df        =      390

--------------------------------------------------------------
             |             Linearized
             |       Mean   Std. Err.     [95% Conf. Interval]
-------------+------------------------------------------------
    bynels2m |   .4485513   .0026715       .443299    .4538036
    bynels2r |   .2947283   .0017403      .2913067    .2981498
      byses1 |   .0050858   .0145406     -.0235019    .0336736
      byses2 |   .0049615   .0143462     -.0232441    .0331671
       amind |   .0096097   .0021007      .0054797    .0137397
       asian |   .0386928   .0025431      .0336929    .0436926
       black |   .1373778    .006713      .1241797    .1505759
    hispanic |   .1510179   .0084864      .1343331    .1677028
       white |   .6219287   .0099563      .6023541    .6415033
      female |   .4973999    .005431      .4867221    .5080776
--------------------------------------------------------------

. 
. // Store it
. estimates store my_mean

. 
. // store the estimates in a nice table using esttab
. esttab my_mean using means_se.rtf, replace
(output written to means_se.rtf)

. 
. exit 

end of do-file


. do "/Users/doylewr/practicum_2017/central/lessons/s1-09-descriptives/test_esttab.do"

. 
. // BASIC DESCRIPTIVE TABLE
. 
. use plans2, clear

. 
. 
. // set plot and table types
. global gtype eps

. global ttype html

. 
. // use svyset to account for survey design
. svyset psu [pw = f1pnlwt], strat(strat_id) singleunit(scaled)

      pweight: f1pnlwt
          VCE: linearized
  Single unit: scaled
     Strata 1: strat_id
         SU 1: psu
        FPC 1: <zero>

. 
. // get mean estimates using svy
. svy: mean bynels2m bynels2r byses1 byses2 amind asian black hispanic white female
(running mean on estimation sample)

Survey: Mean estimation

Number of strata =     361         Number of obs    =    15512
Number of PSUs   =     751         Population size  =  3210779
                                   Design df        =      390

--------------------------------------------------------------
             |             Linearized
             |       Mean   Std. Err.     [95% Conf. Interval]
-------------+------------------------------------------------
    bynels2m |   .4485513   .0026715       .443299    .4538036
    bynels2r |   .2947283   .0017403      .2913067    .2981498
      byses1 |   .0050858   .0145406     -.0235019    .0336736
      byses2 |   .0049615   .0143462     -.0232441    .0331671
       amind |   .0096097   .0021007      .0054797    .0137397
       asian |   .0386928   .0025431      .0336929    .0436926
       black |   .1373778    .006713      .1241797    .1505759
    hispanic |   .1510179   .0084864      .1343331    .1677028
       white |   .6219287   .0099563      .6023541    .6415033
      female |   .4973999    .005431      .4867221    .5080776
--------------------------------------------------------------

. 
. // Store it
. estimates store my_mean

. 
. // store the estimates in a nice table using esttab
. esttab my_mean using means_se.$ttype, 
file means_se.html already exists
r(602);

end of do-file

r(602);

. do "/var/folders/h_/wc0n_t2j437g61hxg5t3sbdw1bjh2n/T//SD07000.000000"

. 
. // BASIC DESCRIPTIVE TABLE
. 
. use plans2, clear

. 
. 
. // set plot and table types
. global gtype eps

. global ttype html

. 
. // use svyset to account for survey design
. svyset psu [pw = f1pnlwt], strat(strat_id) singleunit(scaled)

      pweight: f1pnlwt
          VCE: linearized
  Single unit: scaled
     Strata 1: strat_id
         SU 1: psu
        FPC 1: <zero>

. 
. // get mean estimates using svy
. svy: mean bynels2m bynels2r byses1 byses2 amind asian black hispanic white female
(running mean on estimation sample)

Survey: Mean estimation

Number of strata =     361         Number of obs    =    15512
Number of PSUs   =     751         Population size  =  3210779
                                   Design df        =      390

--------------------------------------------------------------
             |             Linearized
             |       Mean   Std. Err.     [95% Conf. Interval]
-------------+------------------------------------------------
    bynels2m |   .4485513   .0026715       .443299    .4538036
    bynels2r |   .2947283   .0017403      .2913067    .2981498
      byses1 |   .0050858   .0145406     -.0235019    .0336736
      byses2 |   .0049615   .0143462     -.0232441    .0331671
       amind |   .0096097   .0021007      .0054797    .0137397
       asian |   .0386928   .0025431      .0336929    .0436926
       black |   .1373778    .006713      .1241797    .1505759
    hispanic |   .1510179   .0084864      .1343331    .1677028
       white |   .6219287   .0099563      .6023541    .6415033
      female |   .4973999    .005431      .4867221    .5080776
--------------------------------------------------------------

. 
. // Store it
. estimates store my_mean

. 
. // store the estimates in a nice table using esttab
. esttab my_mean using means_se.$ttype, /// 
>                 replace
(output written to means_se.html)

. 
. exit 

end of do-file


. do "/Users/doylewr/practicum_2017/central/lessons/s1-09-descriptives/test_esttab.do"

. 
. // BASIC DESCRIPTIVE TABLE
. 
. use plans2, clear

. 
. 
. // set plot and table types
. global gtype eps

. global ttype html

. 
. // use svyset to account for survey design
. svyset psu [pw = f1pnlwt], strat(strat_id) singleunit(scaled)

      pweight: f1pnlwt
          VCE: linearized
  Single unit: scaled
     Strata 1: strat_id
         SU 1: psu
        FPC 1: <zero>

. 
. // get mean estimates using svy
. svy: mean bynels2m bynels2r byses1 byses2 amind asian black hispanic white female
(running mean on estimation sample)

Survey: Mean estimation

Number of strata =     361         Number of obs    =    15512
Number of PSUs   =     751         Population size  =  3210779
                                   Design df        =      390

--------------------------------------------------------------
             |             Linearized
             |       Mean   Std. Err.     [95% Conf. Interval]
-------------+------------------------------------------------
    bynels2m |   .4485513   .0026715       .443299    .4538036
    bynels2r |   .2947283   .0017403      .2913067    .2981498
      byses1 |   .0050858   .0145406     -.0235019    .0336736
      byses2 |   .0049615   .0143462     -.0232441    .0331671
       amind |   .0096097   .0021007      .0054797    .0137397
       asian |   .0386928   .0025431      .0336929    .0436926
       black |   .1373778    .006713      .1241797    .1505759
    hispanic |   .1510179   .0084864      .1343331    .1677028
       white |   .6219287   .0099563      .6023541    .6415033
      female |   .4973999    .005431      .4867221    .5080776
--------------------------------------------------------------

. 
. // Store it
. estimates store my_mean

. 
. // store the estimates in a nice table using esttab
. esttab my_mean using means_se.$ttype, /// 
>                 replace ///
>                 nostar ///                           // no significance tests 
>                 label
(output written to means_se.html)

.                 
. /*              ///                            // use variable labels 
>     main(b) ///                          // main = means 
>     aux(se) ///                          // aux = standard errors 
>     nonotes ///                          // no standard table notes 
>     nonumbers ///                        // no column/model numbers
>     addnotes("Linearized estimates of standard errors in parentheses")
> */
. exit 

end of do-file


. do "/Users/doylewr/practicum_2017/central/lessons/s1-09-descriptives/test_esttab.do"

. 
. // BASIC DESCRIPTIVE TABLE
. 
. use plans2, clear

. 
. 
. // set plot and table types
. global gtype eps

. global ttype html

. 
. // use svyset to account for survey design
. svyset psu [pw = f1pnlwt], strat(strat_id) singleunit(scaled)

      pweight: f1pnlwt
          VCE: linearized
  Single unit: scaled
     Strata 1: strat_id
         SU 1: psu
        FPC 1: <zero>

. 
. // get mean estimates using svy
. svy: mean bynels2m bynels2r byses1 byses2 amind asian black hispanic white female
(running mean on estimation sample)

Survey: Mean estimation

Number of strata =     361         Number of obs    =    15512
Number of PSUs   =     751         Population size  =  3210779
                                   Design df        =      390

--------------------------------------------------------------
             |             Linearized
             |       Mean   Std. Err.     [95% Conf. Interval]
-------------+------------------------------------------------
    bynels2m |   .4485513   .0026715       .443299    .4538036
    bynels2r |   .2947283   .0017403      .2913067    .2981498
      byses1 |   .0050858   .0145406     -.0235019    .0336736
      byses2 |   .0049615   .0143462     -.0232441    .0331671
       amind |   .0096097   .0021007      .0054797    .0137397
       asian |   .0386928   .0025431      .0336929    .0436926
       black |   .1373778    .006713      .1241797    .1505759
    hispanic |   .1510179   .0084864      .1343331    .1677028
       white |   .6219287   .0099563      .6023541    .6415033
      female |   .4973999    .005431      .4867221    .5080776
--------------------------------------------------------------

. 
. // Store it
. estimates store my_mean

. 
. // store the estimates in a nice table using esttab
. esttab my_mean using means_se.$ttype, /// 
>                 replace ///
>                 nostar ///                           // no significance tests 
>                 label///                            // use variable labels 
option / not allowed
r(198);

end of do-file

r(198);

. do "/Users/doylewr/practicum_2017/central/lessons/s1-09-descriptives/test_esttab.do"

. 
. // BASIC DESCRIPTIVE TABLE
. 
. use plans2, clear

. 
. 
. // set plot and table types
. global gtype eps

. global ttype html

. 
. // use svyset to account for survey design
. svyset psu [pw = f1pnlwt], strat(strat_id) singleunit(scaled)

      pweight: f1pnlwt
          VCE: linearized
  Single unit: scaled
     Strata 1: strat_id
         SU 1: psu
        FPC 1: <zero>

. 
. // get mean estimates using svy
. svy: mean bynels2m bynels2r byses1 byses2 amind asian black hispanic white female
(running mean on estimation sample)

Survey: Mean estimation

Number of strata =     361         Number of obs    =    15512
Number of PSUs   =     751         Population size  =  3210779
                                   Design df        =      390

--------------------------------------------------------------
             |             Linearized
             |       Mean   Std. Err.     [95% Conf. Interval]
-------------+------------------------------------------------
    bynels2m |   .4485513   .0026715       .443299    .4538036
    bynels2r |   .2947283   .0017403      .2913067    .2981498
      byses1 |   .0050858   .0145406     -.0235019    .0336736
      byses2 |   .0049615   .0143462     -.0232441    .0331671
       amind |   .0096097   .0021007      .0054797    .0137397
       asian |   .0386928   .0025431      .0336929    .0436926
       black |   .1373778    .006713      .1241797    .1505759
    hispanic |   .1510179   .0084864      .1343331    .1677028
       white |   .6219287   .0099563      .6023541    .6415033
      female |   .4973999    .005431      .4867221    .5080776
--------------------------------------------------------------

. 
. // Store it
. estimates store my_mean

. 
. // store the estimates in a nice table using esttab
. esttab my_mean using means_se.$ttype, /// 
>                 replace ///
>                 nostar ///                           // no significance tests 
>                 label ///                            // use variable labels 
>     main(b) 
(output written to means_se.html)

.         /* ///                          // main = means 
>         
>     aux(se) ///                          // aux = standard errors 
>     nonotes ///                          // no standard table notes 
>     nonumbers ///                        // no column/model numbers
>     addnotes("Linearized estimates of standard errors in parentheses")
> */
. exit 

end of do-file


. do "/Users/doylewr/practicum_2017/central/lessons/s1-09-descriptives/test_esttab.do"

. 
. // BASIC DESCRIPTIVE TABLE
. 
. use plans2, clear

. 
. 
. // set plot and table types
. global gtype eps

. global ttype html

. 
. // use svyset to account for survey design
. svyset psu [pw = f1pnlwt], strat(strat_id) singleunit(scaled)

      pweight: f1pnlwt
          VCE: linearized
  Single unit: scaled
     Strata 1: strat_id
         SU 1: psu
        FPC 1: <zero>

. 
. // get mean estimates using svy
. svy: mean bynels2m bynels2r byses1 byses2 amind asian black hispanic white female
(running mean on estimation sample)

Survey: Mean estimation

Number of strata =     361         Number of obs    =    15512
Number of PSUs   =     751         Population size  =  3210779
                                   Design df        =      390

--------------------------------------------------------------
             |             Linearized
             |       Mean   Std. Err.     [95% Conf. Interval]
-------------+------------------------------------------------
    bynels2m |   .4485513   .0026715       .443299    .4538036
    bynels2r |   .2947283   .0017403      .2913067    .2981498
      byses1 |   .0050858   .0145406     -.0235019    .0336736
      byses2 |   .0049615   .0143462     -.0232441    .0331671
       amind |   .0096097   .0021007      .0054797    .0137397
       asian |   .0386928   .0025431      .0336929    .0436926
       black |   .1373778    .006713      .1241797    .1505759
    hispanic |   .1510179   .0084864      .1343331    .1677028
       white |   .6219287   .0099563      .6023541    .6415033
      female |   .4973999    .005431      .4867221    .5080776
--------------------------------------------------------------

. 
. // Store it
. estimates store my_mean

. 
. // store the estimates in a nice table using esttab
. esttab my_mean using means_se.$ttype, /// 
>                 replace ///
>                 nostar ///                           // no significance tests 
>                 label ///                            // use variable labels 
>     main(b)  ///                          // main = means 
>     aux(se) 
(output written to means_se.html)

.         /*///                          // aux = standard errors 
unrecognized command:  / invalid command name
r(199);

end of do-file

r(199);

. do "/Users/doylewr/practicum_2017/central/lessons/s1-09-descriptives/test_esttab.do"

. 
. // BASIC DESCRIPTIVE TABLE
. 
. use plans2, clear

. 
. 
. // set plot and table types
. global gtype eps

. global ttype html

. 
. // use svyset to account for survey design
. svyset psu [pw = f1pnlwt], strat(strat_id) singleunit(scaled)

      pweight: f1pnlwt
          VCE: linearized
  Single unit: scaled
     Strata 1: strat_id
         SU 1: psu
        FPC 1: <zero>

. 
. // get mean estimates using svy
. svy: mean bynels2m bynels2r byses1 byses2 amind asian black hispanic white female
(running mean on estimation sample)

Survey: Mean estimation

Number of strata =     361         Number of obs    =    15512
Number of PSUs   =     751         Population size  =  3210779
                                   Design df        =      390

--------------------------------------------------------------
             |             Linearized
             |       Mean   Std. Err.     [95% Conf. Interval]
-------------+------------------------------------------------
    bynels2m |   .4485513   .0026715       .443299    .4538036
    bynels2r |   .2947283   .0017403      .2913067    .2981498
      byses1 |   .0050858   .0145406     -.0235019    .0336736
      byses2 |   .0049615   .0143462     -.0232441    .0331671
       amind |   .0096097   .0021007      .0054797    .0137397
       asian |   .0386928   .0025431      .0336929    .0436926
       black |   .1373778    .006713      .1241797    .1505759
    hispanic |   .1510179   .0084864      .1343331    .1677028
       white |   .6219287   .0099563      .6023541    .6415033
      female |   .4973999    .005431      .4867221    .5080776
--------------------------------------------------------------

. 
. // Store it
. estimates store my_mean

. 
. // store the estimates in a nice table using esttab
. esttab my_mean using means_se.$ttype, /// 
>                 replace ///
>                 nostar ///                           // no significance tests 
>                 label ///                            // use variable labels 
>     main(b)  ///                          // main = means 
>     aux(se) 
(output written to means_se.html)

.         /* ///                          // aux = standard errors 
>     nonotes ///                          // no standard table notes 
>     nonumbers ///                        // no column/model numbers
>     addnotes("Linearized estimates of standard errors in parentheses")
> */
. exit 

end of do-file


. do "/Users/doylewr/practicum_2017/central/lessons/s1-09-descriptives/test_esttab.do"

. 
. // BASIC DESCRIPTIVE TABLE
. 
. use plans2, clear

. 
. 
. // set plot and table types
. global gtype eps

. global ttype html

. 
. // use svyset to account for survey design
. svyset psu [pw = f1pnlwt], strat(strat_id) singleunit(scaled)

      pweight: f1pnlwt
          VCE: linearized
  Single unit: scaled
     Strata 1: strat_id
         SU 1: psu
        FPC 1: <zero>

. 
. // get mean estimates using svy
. svy: mean bynels2m bynels2r byses1 byses2 amind asian black hispanic white female
(running mean on estimation sample)

Survey: Mean estimation

Number of strata =     361         Number of obs    =    15512
Number of PSUs   =     751         Population size  =  3210779
                                   Design df        =      390

--------------------------------------------------------------
             |             Linearized
             |       Mean   Std. Err.     [95% Conf. Interval]
-------------+------------------------------------------------
    bynels2m |   .4485513   .0026715       .443299    .4538036
    bynels2r |   .2947283   .0017403      .2913067    .2981498
      byses1 |   .0050858   .0145406     -.0235019    .0336736
      byses2 |   .0049615   .0143462     -.0232441    .0331671
       amind |   .0096097   .0021007      .0054797    .0137397
       asian |   .0386928   .0025431      .0336929    .0436926
       black |   .1373778    .006713      .1241797    .1505759
    hispanic |   .1510179   .0084864      .1343331    .1677028
       white |   .6219287   .0099563      .6023541    .6415033
      female |   .4973999    .005431      .4867221    .5080776
--------------------------------------------------------------

. 
. // Store it
. estimates store my_mean

. 
. // store the estimates in a nice table using esttab
. esttab my_mean using means_se.$ttype, /// 
>                 replace ///
>                 nostar ///                           // no significance tests 
>                 label ///                            // use variable labels 
>     main(b)  ///                          // main = means 
>     aux(se) ///                          // aux = standard errors 
>     nonotes ///                          // no standard table notes 
>     nonumbers ///                        // no column/model numbers
>     addnotes("Linearized estimates of standard errors in parentheses")
(output written to means_se.html)

. 
. exit 

end of do-file


. do "/Users/doylewr/practicum_2017/central/lessons/s1-09-descriptives/test_esttab.do"

. 
. // BASIC DESCRIPTIVE TABLE
. 
. use plans2, clear

. 
. 
. // set plot and table types
. global gtype eps

. global ttype html

. 
. // use svyset to account for survey design
. svyset psu [pw = f1pnlwt], strat(strat_id) singleunit(scaled)

      pweight: f1pnlwt
          VCE: linearized
  Single unit: scaled
     Strata 1: strat_id
         SU 1: psu
        FPC 1: <zero>

. 
. // get mean estimates using svy
. svy: mean bynels2m bynels2r byses1 byses2 amind asian black hispanic white female
(running mean on estimation sample)

Survey: Mean estimation

Number of strata =     361         Number of obs    =    15512
Number of PSUs   =     751         Population size  =  3210779
                                   Design df        =      390

--------------------------------------------------------------
             |             Linearized
             |       Mean   Std. Err.     [95% Conf. Interval]
-------------+------------------------------------------------
    bynels2m |   .4485513   .0026715       .443299    .4538036
    bynels2r |   .2947283   .0017403      .2913067    .2981498
      byses1 |   .0050858   .0145406     -.0235019    .0336736
      byses2 |   .0049615   .0143462     -.0232441    .0331671
       amind |   .0096097   .0021007      .0054797    .0137397
       asian |   .0386928   .0025431      .0336929    .0436926
       black |   .1373778    .006713      .1241797    .1505759
    hispanic |   .1510179   .0084864      .1343331    .1677028
       white |   .6219287   .0099563      .6023541    .6415033
      female |   .4973999    .005431      .4867221    .5080776
--------------------------------------------------------------

. 
. // Store it
. estimates store my_mean

. 
. // store the estimates in a nice table using esttab
. esttab my_mean using means_se.$ttype, /// 
>                 replace ///
>                 nostar ///                           // no significance tests 
>                 label ///                            // use variable labels 
>     main(b)  ///                          // main = means 
>     aux(se) ///                          // aux = standard errors 
>     nonotes ///                          // no standard table notes 
>     nonumbers ///                        // no column/model numbers
>     addnotes("Linearized estimates of standard errors in parentheses")
(output written to means_se.html)

. 
. 
. //  cross table of categorical
. estpost svy: tabulate byrace2 newpln, row percent se
variable newpln not found
r(111);

end of do-file

r(111);

. do "/Users/doylewr/practicum_2017/central/lessons/s1-09-descriptives/test_esttab.do"

. 
. // BASIC DESCRIPTIVE TABLE
. 
. use plans2, clear

. 
. 
. // set plot and table types
. global gtype eps

. global ttype html

. 
. // use svyset to account for survey design
. svyset psu [pw = f1pnlwt], strat(strat_id) singleunit(scaled)

      pweight: f1pnlwt
          VCE: linearized
  Single unit: scaled
     Strata 1: strat_id
         SU 1: psu
        FPC 1: <zero>

. 
. // get mean estimates using svy
. svy: mean bynels2m bynels2r byses1 byses2 amind asian black hispanic white female
(running mean on estimation sample)

Survey: Mean estimation

Number of strata =     361         Number of obs    =    15512
Number of PSUs   =     751         Population size  =  3210779
                                   Design df        =      390

--------------------------------------------------------------
             |             Linearized
             |       Mean   Std. Err.     [95% Conf. Interval]
-------------+------------------------------------------------
    bynels2m |   .4485513   .0026715       .443299    .4538036
    bynels2r |   .2947283   .0017403      .2913067    .2981498
      byses1 |   .0050858   .0145406     -.0235019    .0336736
      byses2 |   .0049615   .0143462     -.0232441    .0331671
       amind |   .0096097   .0021007      .0054797    .0137397
       asian |   .0386928   .0025431      .0336929    .0436926
       black |   .1373778    .006713      .1241797    .1505759
    hispanic |   .1510179   .0084864      .1343331    .1677028
       white |   .6219287   .0099563      .6023541    .6415033
      female |   .4973999    .005431      .4867221    .5080776
--------------------------------------------------------------

. 
. // Store it
. estimates store my_mean

. 
. // store the estimates in a nice table using esttab
. esttab my_mean using means_se.$ttype, /// 
>                 replace ///
>                 nostar ///                           // no significance tests 
>                 label ///                            // use variable labels 
>     main(b)  ///                          // main = means 
>     aux(se) ///                          // aux = standard errors 
>     nonotes ///                          // no standard table notes 
>     nonumbers ///                        // no column/model numbers
>     addnotes("Linearized estimates of standard errors in parentheses")
(output written to means_se.html)

. 
. 
. // first new recoded parental education level
. recode bypared (1/2 = 1) (3/5 = 2) (6 = 3) (7/8 = 4) (. = .), gen(newpared)
(14362 differences between bypared and newpared)

. label var newpared "Parental Education"

. label define newpared 1 "HS or Less" 2 "Less than 4yr" 3 "4 yr" 4 "Advanced"

. label values newpared newpared

. 
. // next new recoded student expectations
. recode f1psepln (1/2 = 1) (3/4 = 2) (5 = 3) (6 = .) (. = .), gen(newpln)
(13995 differences between f1psepln and newpln)

. label var newpln "PS Plans"

. label define newpln 1 "No plans" 2 "VoTech/CC" 3 "4 yr"

. label values newpln newpln

. 
.         
.         
. //  cross table of categorical
. estpost svy: tabulate byrace2 newpln, row percent se
(running tabulate on estimation sample)

Number of strata   =       361                  Number of obs      =     13055
Number of PSUs     =       750                  Population size    =   2908622
                                                Design df          =       389

--------------------------------------------------
RECODE of |
byrace    |
(student^ |
s         |
race/ethn |
icity-com |                PS Plans               
posite)   | No plans  VoTech/C      4 yr     Total
----------+---------------------------------------
  Am,Ind, |    16.17     26.93     56.89       100
          |  (3.647)   (4.454)   (5.413)          
          | 
 Asian/PI |    4.746     23.67     71.59       100
          |  (.8931)   (1.933)   (2.107)          
          | 
    Black |     7.31      29.9     62.79       100
          |  (.7736)   (1.368)   (1.487)          
          | 
 Hispanic |    9.732     43.95     46.32       100
          |  (.8412)   (1.494)   (1.699)          
          | 
 Multirac |    12.27     30.13      57.6       100
          |   (1.72)   (2.436)   (2.591)          
          | 
    White |    8.147     28.26     63.59       100
          |  (.3851)   (.8152)   (.9036)          
          | 
    Total |    8.369      30.6     61.04       100
          |  (.3292)   (.6266)   (.7225)          
--------------------------------------------------
  Key:  row percentages
        (linearized standard errors of row percentages)

  Pearson:
    Uncorrected   chi2(10)        =  253.9129
    Design-based  F(9.11, 3544.12)=   17.6793     P = 0.0000

Note: Variance scaled to handle strata with a single sampling unit.

saved vectors:
             e(b) =  row percentages
            e(se) =  standard errors of row percentages
            e(lb) =  lower 95% confidence bounds for row percentages
            e(ub) =  upper 95% confidence bounds for row percentages
          e(deff) =  deff for variances of row percentages
          e(deft) =  deft for variances of row percentages
          e(cell) =  cell percentages
           e(row) =  row percentages
           e(col) =  column percentages
         e(count) =  weighted counts
           e(obs) =  number of observations

row labels saved in macro e(labels)

. 
. eststo racetab

. 
. esttab racetab using race_tab.$ttype, ///
>     replace ///
>     nostar ///
>     nostar ///
>     unstack ///
>     nonotes ///
>     varlabels(`e(labels)') ///
>     eqlabels(`e(eqlabels)')
(output written to race_tab.html)

.         
.         
. exit 

end of do-file


. help tabulate

. exit, clear
