--------------------------------------------------------------------------------------------------
      name:  <unnamed>
       log:  /Users/doylewr/practicum/lpo_prac_2016-2017/central/lessons/complex_interaction/compl
> ex_interaction.log
  log type:  text
 opened on:  28 Feb 2017, 16:48:50

. 
. /* PhD Practicum, Spring 2017 */
. /* Complex Interactions */
. /* Will Doyle*/
. /* 2/28/17*/
. 
. clear

.     
.     // Data directory
. 
. global ddir "../../data/"

.     
.  /*Graph type postscript */
. // local gtype ps
. 
. /* Graph type: pdf */
. local gtype pdf

. 
. /* Graph type: eps */
. //local gtype eps
. 
. clear

. 
. capture

. 
. use ${ddir}nlsy97, clear
(Written by R.              )

. 
. gen log_inc=log(yinc)
(3706 missing values generated)

. 
. gen lwage=log(hrwage)
(2502 missing values generated)

. 
. gen female=sex==1

. 
. /* Work hours expressed in weaks*/
. 
. gen wkhrsw=wkhrsy/(365/7)    
(5250 missing values generated)

. 
. local y log_inc

. 
. local x ccol 

. 
. local z wkhrsw

. 
. local ytitle "Income"

. 
. local xtitle "Months of College"

. 
. /* Mediating moderating, what to do? */
. 
. reg `y' `x' , robust

Linear regression                                      Number of obs =    5278
                                                       F(  1,  5276) =  273.03
                                                       Prob > F      =  0.0000
                                                       R-squared     =  0.0507
                                                       Root MSE      =   .9691

------------------------------------------------------------------------------
             |               Robust
     log_inc |      Coef.   Std. Err.      t    P>|t|     [95% Conf. Interval]
-------------+----------------------------------------------------------------
        ccol |   .0863413   .0052253    16.52   0.000     .0760975    .0965851
       _cons |   9.883687   .0210349   469.87   0.000      9.84245    9.924924
------------------------------------------------------------------------------

.  
. reg  `z' `x', robust

Linear regression                                      Number of obs =    3734
                                                       F(  1,  3732) =    0.00
                                                       Prob > F      =  0.9453
                                                       R-squared     =  0.0000
                                                       Root MSE      =  13.711

------------------------------------------------------------------------------
             |               Robust
      wkhrsw |      Coef.   Std. Err.      t    P>|t|     [95% Conf. Interval]
-------------+----------------------------------------------------------------
        ccol |   .0062275    .090689     0.07   0.945    -.1715774    .1840323
       _cons |   43.25729   .3656885   118.29   0.000     42.54032    43.97425
------------------------------------------------------------------------------

. 
. reg `y' `z' , robust

Linear regression                                      Number of obs =    3307
                                                       F(  1,  3305) =  148.91
                                                       Prob > F      =  0.0000
                                                       R-squared     =  0.1299
                                                       Root MSE      =  .67616

------------------------------------------------------------------------------
             |               Robust
     log_inc |      Coef.   Std. Err.      t    P>|t|     [95% Conf. Interval]
-------------+----------------------------------------------------------------
      wkhrsw |   .0193097   .0015824    12.20   0.000     .0162071    .0224122
       _cons |   9.534106   .0700667   136.07   0.000     9.396728    9.671485
------------------------------------------------------------------------------

. 
. reg `y' `x' `z', robust

Linear regression                                      Number of obs =    3307
                                                       F(  2,  3304) =  194.29
                                                       Prob > F      =  0.0000
                                                       R-squared     =  0.1970
                                                       Root MSE      =  .64965

------------------------------------------------------------------------------
             |               Robust
     log_inc |      Coef.   Std. Err.      t    P>|t|     [95% Conf. Interval]
-------------+----------------------------------------------------------------
        ccol |   .0720692   .0044499    16.20   0.000     .0633443    .0807941
      wkhrsw |   .0193963   .0015446    12.56   0.000     .0163678    .0224248
       _cons |   9.321753   .0709643   131.36   0.000     9.182614    9.460891
------------------------------------------------------------------------------

. 
. 
. /* Controlling for intermediate outcomes*/
. 
. reg `y' `x' `z' , robust

Linear regression                                      Number of obs =    3307
                                                       F(  2,  3304) =  194.29
                                                       Prob > F      =  0.0000
                                                       R-squared     =  0.1970
                                                       Root MSE      =  .64965

------------------------------------------------------------------------------
             |               Robust
     log_inc |      Coef.   Std. Err.      t    P>|t|     [95% Conf. Interval]
-------------+----------------------------------------------------------------
        ccol |   .0720692   .0044499    16.20   0.000     .0633443    .0807941
      wkhrsw |   .0193963   .0015446    12.56   0.000     .0163678    .0224248
       _cons |   9.321753   .0709643   131.36   0.000     9.182614    9.460891
------------------------------------------------------------------------------

. 
. /* Continuous/continuous interaction, quadratic, factor interaction, log transform of dv */
. 
. eststo fullmod: reg `y' c.ccol##c.asvab##i.female c.agem##c.agem i.female##i.raceth jobtenure ,r
> obust

Linear regression                                      Number of obs =    4345
                                                       F( 16,  4328) =   34.95
                                                       Prob > F      =  0.0000
                                                       R-squared     =  0.1260
                                                       Root MSE      =  .91147

---------------------------------------------------------------------------------------
                      |               Robust
              log_inc |      Coef.   Std. Err.      t    P>|t|     [95% Conf. Interval]
----------------------+----------------------------------------------------------------
                 ccol |   .1007874   .0179212     5.62   0.000     .0656527    .1359221
                asvab |   .7656263   .1159675     6.60   0.000     .5382706    .9929821
                      |
       c.ccol#c.asvab |  -.1192099   .0290442    -4.10   0.000    -.1761513   -.0622684
                      |
             1.female |  -.2796944     .10085    -2.77   0.006    -.4774121   -.0819766
                      |
        female#c.ccol |
                   1  |  -.0030821   .0265443    -0.12   0.908    -.0551225    .0489584
                      |
       female#c.asvab |
                   1  |  -.0090945   .1786196    -0.05   0.959    -.3592804    .3410915
                      |
female#c.ccol#c.asvab |
                   1  |   .0877911    .043691     2.01   0.045     .0021343     .173448
                      |
                 agem |   .2777492   .4217923     0.66   0.510    -.5491798    1.104678
                      |
        c.agem#c.agem |  -.0041358   .0074136    -0.56   0.577    -.0186703    .0103986
                      |
               raceth |
                   2  |   .2928362   .0626812     4.67   0.000      .169949    .4157234
                   3  |   .4590009   .1341367     3.42   0.001     .1960243    .7219776
                   4  |   .2852673   .0557674     5.12   0.000     .1759347    .3945999
                      |
        female#raceth |
                 1 2  |  -.2066429    .087792    -2.35   0.019    -.3787601   -.0345256
                 1 3  |  -.4909274   .2989323    -1.64   0.101    -1.076988     .095133
                 1 4  |  -.2578927   .0760748    -3.39   0.001    -.4070382   -.1087471
                      |
            jobtenure |   .0000619   .0000245     2.53   0.012     .0000138      .00011
                _cons |   5.047878   5.982504     0.84   0.399    -6.680895    16.77665
---------------------------------------------------------------------------------------

. 
. local mydf=e(df_r)

. 
. local sigtail=.025

. 
. /* Working with continuous vs. Continuous interactions */
. sum asvab, detail

                            asvab
-------------------------------------------------------------
      Percentiles      Smallest
 1%       .00573              0
 5%       .03537              0
10%       .07473              0       Obs                7093
25%       .19315              0       Sum of Wgt.        7093

50%       .42886                      Mean           .4531719
                        Largest       Std. Dev.      .2917391
75%       .70116              1
90%       .87781              1       Variance       .0851117
95%       .93929              1       Skewness       .1972665
99%       .98914              1       Kurtosis       1.813535

. 
. scalar asvablo=r(p10)

. scalar asvabhi=r(p90)

. 
. scalar diff=asvabhi-asvablo /* Diff, hi vs. low*/

. scalar step=diff/100

. 
. /*Oh, Stata.*/
. 
. local asvablo=asvablo

. local asvabhi=asvabhi

. local step=step

. 
. 
. /*Step through education in 2 year intervals, get predictions across range of age*/
. 
. foreach myeduc of numlist 0(1)8{
  2. 
. estimates restore fullmod
  3.     
. quietly margins, predict(xb) at( ///
>     asvab=(`asvablo'(`step')`asvabhi') ///
>         ccol=`myeduc' ///
>             female=0 ///
>                 race=2 ///
>                         (mean) jobtenure agem ///
>                  ) ///
>                 nose post
  4. 
. mat pred_ed`myeduc'=e(b)'
  5. mat li pred_ed`myeduc'
  6. svmat pred_ed`myeduc'
  7. 
. estimates restore fullmod
  8. 
. quietly margins, predict(stdp) at(asvab=(`asvablo'(`step')`asvabhi') ccol=`myeduc' female=0 race
> =2 (mean) jobtenure agem ) nose post
  9. mat pred_se_ed`myeduc'=e(b)'
 10. mat li pred_se_ed`myeduc'
 11. svmat pred_se_ed`myeduc'
 12. }
(results fullmod are active now)

pred_ed0[101,1]
                y1
  1._at  9.9678007
  2._at  9.9739493
  3._at  9.9800979
  4._at  9.9862465
  5._at  9.9923951
  6._at  9.9985437
  7._at  10.004692
  8._at  10.010841
  9._at  10.016989
 10._at  10.023138
 11._at  10.029287
 12._at  10.035435
 13._at  10.041584
 14._at  10.047732
 15._at  10.053881
 16._at   10.06003
 17._at  10.066178
 18._at  10.072327
 19._at  10.078475
 20._at  10.084624
 21._at  10.090773
 22._at  10.096921
 23._at   10.10307
 24._at  10.109218
 25._at  10.115367
 26._at  10.121516
 27._at  10.127664
 28._at  10.133813
 29._at  10.139961
 30._at   10.14611
 31._at  10.152259
 32._at  10.158407
 33._at  10.164556
 34._at  10.170704
 35._at  10.176853
 36._at  10.183001
 37._at   10.18915
 38._at  10.195299
 39._at  10.201447
 40._at  10.207596
 41._at  10.213744
 42._at  10.219893
 43._at  10.226042
 44._at   10.23219
 45._at  10.238339
 46._at  10.244487
 47._at  10.250636
 48._at  10.256785
 49._at  10.262933
 50._at  10.269082
 51._at   10.27523
 52._at  10.281379
 53._at  10.287528
 54._at  10.293676
 55._at  10.299825
 56._at  10.305973
 57._at  10.312122
 58._at   10.31827
 59._at  10.324419
 60._at  10.330568
 61._at  10.336716
 62._at  10.342865
 63._at  10.349013
 64._at  10.355162
 65._at  10.361311
 66._at  10.367459
 67._at  10.373608
 68._at  10.379756
 69._at  10.385905
 70._at  10.392054
 71._at  10.398202
 72._at  10.404351
 73._at  10.410499
 74._at  10.416648
 75._at  10.422797
 76._at  10.428945
 77._at  10.435094
 78._at  10.441242
 79._at  10.447391
 80._at  10.453539
 81._at  10.459688
 82._at  10.465837
 83._at  10.471985
 84._at  10.478134
 85._at  10.484282
 86._at  10.490431
 87._at   10.49658
 88._at  10.502728
 89._at  10.508877
 90._at  10.515025
 91._at  10.521174
 92._at  10.527323
 93._at  10.533471
 94._at   10.53962
 95._at  10.545768
 96._at  10.551917
 97._at  10.558066
 98._at  10.564214
 99._at  10.570363
100._at  10.576511
101._at   10.58266
(results fullmod are active now)

pred_se_ed0[101,1]
                y1
  1._at   .0580388
  2._at  .05747066
  3._at  .05691209
  4._at  .05636336
  5._at  .05582479
  6._at  .05529665
  7._at  .05477926
  8._at  .05427292
  9._at  .05377793
 10._at  .05329463
 11._at  .05282333
 12._at  .05236435
 13._at  .05191802
 14._at  .05148466
 15._at  .05106462
 16._at  .05065822
 17._at  .05026579
 18._at  .04988766
 19._at  .04952416
 20._at  .04917561
 21._at  .04884233
 22._at  .04852464
 23._at  .04822285
 24._at  .04793726
 25._at  .04766815
 26._at  .04741581
 27._at   .0471805
 28._at  .04696249
 29._at  .04676202
 30._at   .0465793
 31._at  .04641456
 32._at  .04626798
 33._at  .04613973
 34._at  .04602998
 35._at  .04593885
 36._at  .04586645
 37._at  .04581287
 38._at  .04577818
 39._at  .04576242
 40._at  .04576561
 41._at  .04578775
 42._at   .0458288
 43._at  .04588873
 44._at  .04596744
 45._at  .04606486
 46._at  .04618086
 47._at  .04631529
 48._at  .04646801
 49._at  .04663882
 50._at  .04682754
 51._at  .04703395
 52._at  .04725781
 53._at  .04749888
 54._at   .0477569
 55._at  .04803159
 56._at  .04832267
 57._at  .04862985
 58._at  .04895282
 59._at  .04929127
 60._at  .04964489
 61._at  .05001335
 62._at  .05039634
 63._at  .05079351
 64._at  .05120454
 65._at   .0516291
 66._at  .05206686
 67._at  .05251748
 68._at  .05298065
 69._at  .05345603
 70._at   .0539433
 71._at  .05444214
 72._at  .05495224
 73._at  .05547329
 74._at  .05600497
 75._at    .056547
 76._at  .05709907
 77._at   .0576609
 78._at   .0582322
 79._at   .0588127
 80._at  .05940213
 81._at  .06000023
 82._at  .06060673
 83._at   .0612214
 84._at  .06184397
 85._at  .06247424
 86._at  .06311194
 87._at  .06375688
 88._at  .06440882
 89._at  .06506756
 90._at   .0657329
 91._at  .06640463
 92._at  .06708257
 93._at  .06776652
 94._at  .06845631
 95._at  .06915176
 96._at   .0698527
 97._at  .07055898
 98._at  .07127042
 99._at  .07198688
100._at  .07270822
101._at  .07343427
(results fullmod are active now)

pred_ed1[101,1]
                y1
  1._at   10.05968
  2._at  10.064871
  3._at  10.070062
  4._at  10.075253
  5._at  10.080445
  6._at  10.085636
  7._at  10.090827
  8._at  10.096018
  9._at   10.10121
 10._at  10.106401
 11._at  10.111592
 12._at  10.116783
 13._at  10.121974
 14._at  10.127166
 15._at  10.132357
 16._at  10.137548
 17._at  10.142739
 18._at  10.147931
 19._at  10.153122
 20._at  10.158313
 21._at  10.163504
 22._at  10.168696
 23._at  10.173887
 24._at  10.179078
 25._at  10.184269
 26._at  10.189461
 27._at  10.194652
 28._at  10.199843
 29._at  10.205034
 30._at  10.210226
 31._at  10.215417
 32._at  10.220608
 33._at  10.225799
 34._at  10.230991
 35._at  10.236182
 36._at  10.241373
 37._at  10.246564
 38._at  10.251756
 39._at  10.256947
 40._at  10.262138
 41._at  10.267329
 42._at   10.27252
 43._at  10.277712
 44._at  10.282903
 45._at  10.288094
 46._at  10.293285
 47._at  10.298477
 48._at  10.303668
 49._at  10.308859
 50._at   10.31405
 51._at  10.319242
 52._at  10.324433
 53._at  10.329624
 54._at  10.334815
 55._at  10.340007
 56._at  10.345198
 57._at  10.350389
 58._at   10.35558
 59._at  10.360772
 60._at  10.365963
 61._at  10.371154
 62._at  10.376345
 63._at  10.381537
 64._at  10.386728
 65._at  10.391919
 66._at   10.39711
 67._at  10.402302
 68._at  10.407493
 69._at  10.412684
 70._at  10.417875
 71._at  10.423066
 72._at  10.428258
 73._at  10.433449
 74._at   10.43864
 75._at  10.443831
 76._at  10.449023
 77._at  10.454214
 78._at  10.459405
 79._at  10.464596
 80._at  10.469788
 81._at  10.474979
 82._at   10.48017
 83._at  10.485361
 84._at  10.490553
 85._at  10.495744
 86._at  10.500935
 87._at  10.506126
 88._at  10.511318
 89._at  10.516509
 90._at    10.5217
 91._at  10.526891
 92._at  10.532083
 93._at  10.537274
 94._at  10.542465
 95._at  10.547656
 96._at  10.552848
 97._at  10.558039
 98._at   10.56323
 99._at  10.568421
100._at  10.573613
101._at  10.578804
(results fullmod are active now)

pred_se_ed1[101,1]
                y1
  1._at  .05118252
  2._at  .05074876
  3._at  .05032333
  4._at  .04990643
  5._at   .0494983
  6._at  .04909914
  7._at  .04870918
  8._at  .04832863
  9._at  .04795773
 10._at  .04759669
 11._at  .04724575
 12._at  .04690513
 13._at  .04657506
 14._at  .04625576
 15._at  .04594746
 16._at  .04565038
 17._at  .04536473
 18._at  .04509075
 19._at  .04482864
 20._at  .04457861
 21._at  .04434087
 22._at  .04411561
 23._at  .04390303
 24._at  .04370331
 25._at  .04351663
 26._at  .04334315
 27._at  .04318304
 28._at  .04303645
 29._at  .04290351
 30._at  .04278436
 31._at  .04267909
 32._at  .04258783
 33._at  .04251066
 34._at  .04244766
 35._at  .04239889
 36._at  .04236439
 37._at  .04234421
 38._at  .04233836
 39._at  .04234686
 40._at  .04236968
 41._at  .04240682
 42._at  .04245823
 43._at  .04252385
 44._at  .04260363
 45._at  .04269748
 46._at  .04280532
 47._at  .04292703
 48._at   .0430625
 49._at   .0432116
 50._at  .04337419
 51._at  .04355011
 52._at  .04373922
 53._at  .04394133
 54._at  .04415626
 55._at  .04438384
 56._at  .04462387
 57._at  .04487614
 58._at  .04514046
 59._at  .04541662
 60._at  .04570439
 61._at  .04600356
 62._at  .04631391
 63._at  .04663521
 64._at  .04696725
 65._at  .04730979
 66._at  .04766262
 67._at  .04802549
 68._at  .04839819
 69._at  .04878049
 70._at  .04917217
 71._at  .04957301
 72._at  .04998277
 73._at  .05040126
 74._at  .05082824
 75._at  .05126352
 76._at  .05170687
 77._at   .0521581
 78._at    .052617
 79._at  .05308338
 80._at  .05355702
 81._at  .05403776
 82._at  .05452539
 83._at  .05501974
 84._at  .05552062
 85._at  .05602786
 86._at  .05654129
 87._at  .05706074
 88._at  .05758606
 89._at  .05811707
 90._at  .05865363
 91._at  .05919558
 92._at  .05974278
 93._at  .06029508
 94._at  .06085235
 95._at  .06141445
 96._at  .06198125
 97._at  .06255262
 98._at  .06312844
 99._at  .06370858
100._at  .06429294
101._at  .06488139
(results fullmod are active now)

pred_ed2[101,1]
                y1
  1._at  10.151558
  2._at  10.155792
  3._at  10.160026
  4._at   10.16426
  5._at  10.168494
  6._at  10.172728
  7._at  10.176962
  8._at  10.181196
  9._at   10.18543
 10._at  10.189663
 11._at  10.193897
 12._at  10.198131
 13._at  10.202365
 14._at  10.206599
 15._at  10.210833
 16._at  10.215067
 17._at  10.219301
 18._at  10.223535
 19._at  10.227768
 20._at  10.232002
 21._at  10.236236
 22._at   10.24047
 23._at  10.244704
 24._at  10.248938
 25._at  10.253172
 26._at  10.257406
 27._at   10.26164
 28._at  10.265873
 29._at  10.270107
 30._at  10.274341
 31._at  10.278575
 32._at  10.282809
 33._at  10.287043
 34._at  10.291277
 35._at  10.295511
 36._at  10.299745
 37._at  10.303979
 38._at  10.308212
 39._at  10.312446
 40._at   10.31668
 41._at  10.320914
 42._at  10.325148
 43._at  10.329382
 44._at  10.333616
 45._at   10.33785
 46._at  10.342084
 47._at  10.346317
 48._at  10.350551
 49._at  10.354785
 50._at  10.359019
 51._at  10.363253
 52._at  10.367487
 53._at  10.371721
 54._at  10.375955
 55._at  10.380189
 56._at  10.384422
 57._at  10.388656
 58._at   10.39289
 59._at  10.397124
 60._at  10.401358
 61._at  10.405592
 62._at  10.409826
 63._at   10.41406
 64._at  10.418294
 65._at  10.422527
 66._at  10.426761
 67._at  10.430995
 68._at  10.435229
 69._at  10.439463
 70._at  10.443697
 71._at  10.447931
 72._at  10.452165
 73._at  10.456399
 74._at  10.460632
 75._at  10.464866
 76._at    10.4691
 77._at  10.473334
 78._at  10.477568
 79._at  10.481802
 80._at  10.486036
 81._at   10.49027
 82._at  10.494504
 83._at  10.498738
 84._at  10.502971
 85._at  10.507205
 86._at  10.511439
 87._at  10.515673
 88._at  10.519907
 89._at  10.524141
 90._at  10.528375
 91._at  10.532609
 92._at  10.536843
 93._at  10.541076
 94._at   10.54531
 95._at  10.549544
 96._at  10.553778
 97._at  10.558012
 98._at  10.562246
 99._at   10.56648
100._at  10.570714
101._at  10.574948
(results fullmod are active now)

pred_se_ed2[101,1]
                y1
  1._at  .04885352
  2._at  .04849119
  3._at  .04813561
  4._at  .04778691
  5._at  .04744527
  6._at  .04711082
  7._at  .04678373
  8._at  .04646415
  9._at  .04615223
 10._at  .04584814
 11._at  .04555202
 12._at  .04526404
 13._at  .04498434
 14._at   .0447131
 15._at  .04445046
 16._at  .04419657
 17._at  .04395159
 18._at  .04371566
 19._at  .04348894
 20._at  .04327157
 21._at  .04306368
 22._at  .04286543
 23._at  .04267694
 24._at  .04249834
 25._at  .04232975
 26._at   .0421713
 27._at  .04202311
 28._at  .04188528
 29._at  .04175791
 30._at   .0416411
 31._at  .04153493
 32._at   .0414395
 33._at  .04135487
 34._at  .04128112
 35._at  .04121829
 36._at  .04116644
 37._at  .04112562
 38._at  .04109585
 39._at  .04107715
 40._at  .04106955
 41._at  .04107305
 42._at  .04108764
 43._at  .04111332
 44._at  .04115007
 45._at  .04119784
 46._at  .04125662
 47._at  .04132634
 48._at  .04140695
 49._at   .0414984
 50._at   .0416006
 51._at  .04171349
 52._at  .04183697
 53._at  .04197094
 54._at  .04211532
 55._at  .04226999
 56._at  .04243484
 57._at  .04260975
 58._at   .0427946
 59._at  .04298927
 60._at  .04319361
 61._at  .04340749
 62._at  .04363077
 63._at  .04386331
 64._at  .04410496
 65._at  .04435557
 66._at    .044615
 67._at  .04488308
 68._at  .04515967
 69._at   .0454446
 70._at  .04573773
 71._at  .04603889
 72._at  .04634794
 73._at  .04666471
 74._at  .04698904
 75._at  .04732079
 76._at  .04765979
 77._at  .04800589
 78._at  .04835895
 79._at   .0487188
 80._at  .04908531
 81._at  .04945831
 82._at  .04983767
 83._at  .05022325
 84._at  .05061489
 85._at  .05101247
 86._at  .05141583
 87._at  .05182485
 88._at   .0522394
 89._at  .05265934
 90._at  .05308455
 91._at   .0535149
 92._at  .05395027
 93._at  .05439053
 94._at  .05483557
 95._at  .05528527
 96._at  .05573953
 97._at  .05619823
 98._at  .05666126
 99._at  .05712851
100._at  .05759989
101._at  .05807529
(results fullmod are active now)

pred_ed3[101,1]
                y1
  1._at  10.243437
  2._at  10.246714
  3._at   10.24999
  4._at  10.253267
  5._at  10.256543
  6._at   10.25982
  7._at  10.263097
  8._at  10.266373
  9._at   10.26965
 10._at  10.272926
 11._at  10.276203
 12._at  10.279479
 13._at  10.282756
 14._at  10.286032
 15._at  10.289309
 16._at  10.292585
 17._at  10.295862
 18._at  10.299138
 19._at  10.302415
 20._at  10.305692
 21._at  10.308968
 22._at  10.312245
 23._at  10.315521
 24._at  10.318798
 25._at  10.322074
 26._at  10.325351
 27._at  10.328627
 28._at  10.331904
 29._at   10.33518
 30._at  10.338457
 31._at  10.341734
 32._at   10.34501
 33._at  10.348287
 34._at  10.351563
 35._at   10.35484
 36._at  10.358116
 37._at  10.361393
 38._at  10.364669
 39._at  10.367946
 40._at  10.371222
 41._at  10.374499
 42._at  10.377775
 43._at  10.381052
 44._at  10.384329
 45._at  10.387605
 46._at  10.390882
 47._at  10.394158
 48._at  10.397435
 49._at  10.400711
 50._at  10.403988
 51._at  10.407264
 52._at  10.410541
 53._at  10.413817
 54._at  10.417094
 55._at   10.42037
 56._at  10.423647
 57._at  10.426924
 58._at    10.4302
 59._at  10.433477
 60._at  10.436753
 61._at   10.44003
 62._at  10.443306
 63._at  10.446583
 64._at  10.449859
 65._at  10.453136
 66._at  10.456412
 67._at  10.459689
 68._at  10.462966
 69._at  10.466242
 70._at  10.469519
 71._at  10.472795
 72._at  10.476072
 73._at  10.479348
 74._at  10.482625
 75._at  10.485901
 76._at  10.489178
 77._at  10.492454
 78._at  10.495731
 79._at  10.499007
 80._at  10.502284
 81._at  10.505561
 82._at  10.508837
 83._at  10.512114
 84._at   10.51539
 85._at  10.518667
 86._at  10.521943
 87._at   10.52522
 88._at  10.528496
 89._at  10.531773
 90._at  10.535049
 91._at  10.538326
 92._at  10.541602
 93._at  10.544879
 94._at  10.548156
 95._at  10.551432
 96._at  10.554709
 97._at  10.557985
 98._at  10.561262
 99._at  10.564538
100._at  10.567815
101._at  10.571091
(results fullmod are active now)

pred_se_ed3[101,1]
                y1
  1._at  .05166771
  2._at  .05129088
  3._at  .05091939
  4._at  .05055334
  5._at  .05019286
  6._at  .04983806
  7._at  .04948907
  8._at  .04914602
  9._at  .04880902
 10._at  .04847821
 11._at  .04815371
 12._at  .04783565
 13._at  .04752416
 14._at  .04721937
 15._at  .04692141
 16._at  .04663041
 17._at   .0463465
 18._at  .04606982
 19._at  .04580049
 20._at  .04553864
 21._at  .04528441
 22._at  .04503793
 23._at  .04479931
 24._at   .0445687
 25._at   .0443462
 26._at  .04413195
 27._at  .04392607
 28._at  .04372867
 29._at  .04353987
 30._at  .04335978
 31._at  .04318852
 32._at  .04302618
 33._at  .04287286
 34._at  .04272868
 35._at  .04259371
 36._at  .04246804
 37._at  .04235176
 38._at  .04224495
 39._at  .04214768
 40._at  .04206001
 41._at    .041982
 42._at  .04191372
 43._at   .0418552
 44._at  .04180648
 45._at  .04176761
 46._at   .0417386
 47._at  .04171948
 48._at  .04171027
 49._at  .04171096
 50._at  .04172157
 51._at  .04174207
 52._at  .04177246
 53._at  .04181272
 54._at  .04186281
 55._at  .04192271
 56._at  .04199236
 57._at  .04207172
 58._at  .04216074
 59._at  .04225936
 60._at   .0423675
 61._at   .0424851
 62._at  .04261208
 63._at  .04274834
 64._at  .04289382
 65._at   .0430484
 66._at    .043212
 67._at  .04338451
 68._at  .04356583
 69._at  .04375584
 70._at  .04395444
 71._at   .0441615
 72._at  .04437691
 73._at  .04460055
 74._at   .0448323
 75._at  .04507203
 76._at  .04531961
 77._at  .04557491
 78._at  .04583781
 79._at  .04610818
 80._at  .04638589
 81._at   .0466708
 82._at  .04696278
 83._at  .04726171
 84._at  .04756744
 85._at  .04787986
 86._at  .04819883
 87._at  .04852423
 88._at  .04885591
 89._at  .04919377
 90._at  .04953766
 91._at  .04988747
 92._at  .05024307
 93._at  .05060434
 94._at  .05097116
 95._at  .05134341
 96._at  .05172098
 97._at  .05210374
 98._at  .05249159
 99._at   .0528844
100._at  .05328208
101._at  .05368452
(results fullmod are active now)

pred_ed4[101,1]
                y1
  1._at  10.335316
  2._at  10.337635
  3._at  10.339955
  4._at  10.342274
  5._at  10.344593
  6._at  10.346912
  7._at  10.349231
  8._at   10.35155
  9._at   10.35387
 10._at  10.356189
 11._at  10.358508
 12._at  10.360827
 13._at  10.363146
 14._at  10.365466
 15._at  10.367785
 16._at  10.370104
 17._at  10.372423
 18._at  10.374742
 19._at  10.377062
 20._at  10.379381
 21._at    10.3817
 22._at  10.384019
 23._at  10.386338
 24._at  10.388658
 25._at  10.390977
 26._at  10.393296
 27._at  10.395615
 28._at  10.397934
 29._at  10.400253
 30._at  10.402573
 31._at  10.404892
 32._at  10.407211
 33._at   10.40953
 34._at  10.411849
 35._at  10.414169
 36._at  10.416488
 37._at  10.418807
 38._at  10.421126
 39._at  10.423445
 40._at  10.425765
 41._at  10.428084
 42._at  10.430403
 43._at  10.432722
 44._at  10.435041
 45._at   10.43736
 46._at   10.43968
 47._at  10.441999
 48._at  10.444318
 49._at  10.446637
 50._at  10.448956
 51._at  10.451276
 52._at  10.453595
 53._at  10.455914
 54._at  10.458233
 55._at  10.460552
 56._at  10.462872
 57._at  10.465191
 58._at   10.46751
 59._at  10.469829
 60._at  10.472148
 61._at  10.474468
 62._at  10.476787
 63._at  10.479106
 64._at  10.481425
 65._at  10.483744
 66._at  10.486063
 67._at  10.488383
 68._at  10.490702
 69._at  10.493021
 70._at   10.49534
 71._at  10.497659
 72._at  10.499979
 73._at  10.502298
 74._at  10.504617
 75._at  10.506936
 76._at  10.509255
 77._at  10.511575
 78._at  10.513894
 79._at  10.516213
 80._at  10.518532
 81._at  10.520851
 82._at  10.523171
 83._at   10.52549
 84._at  10.527809
 85._at  10.530128
 86._at  10.532447
 87._at  10.534766
 88._at  10.537086
 89._at  10.539405
 90._at  10.541724
 91._at  10.544043
 92._at  10.546362
 93._at  10.548682
 94._at  10.551001
 95._at   10.55332
 96._at  10.555639
 97._at  10.557958
 98._at  10.560278
 99._at  10.562597
100._at  10.564916
101._at  10.567235
(results fullmod are active now)

pred_se_ed4[101,1]
                y1
  1._at  .05889233
  2._at  .05842528
  3._at  .05796274
  4._at  .05750482
  5._at  .05705164
  6._at  .05660329
  7._at  .05615991
  8._at  .05572162
  9._at  .05528852
 10._at  .05486074
 11._at  .05443842
 12._at  .05402167
 13._at  .05361063
 14._at  .05320543
 15._at   .0528062
 16._at  .05241309
 17._at  .05202622
 18._at  .05164575
 19._at   .0512718
 20._at  .05090453
 21._at  .05054408
 22._at  .05019061
 23._at  .04984424
 24._at  .04950515
 25._at  .04917347
 26._at  .04884936
 27._at  .04853296
 28._at  .04822444
 29._at  .04792394
 30._at  .04763162
 31._at  .04734762
 32._at   .0470721
 33._at   .0468052
 34._at  .04654708
 35._at  .04629788
 36._at  .04605775
 37._at  .04582683
 38._at  .04560526
 39._at  .04539317
 40._at   .0451907
 41._at  .04499798
 42._at  .04481514
 43._at  .04464229
 44._at  .04447956
 45._at  .04432705
 46._at  .04418487
 47._at  .04405312
 48._at  .04393189
 49._at  .04382128
 50._at  .04372136
 51._at   .0436322
 52._at  .04355388
 53._at  .04348644
 54._at  .04342995
 55._at  .04338444
 56._at  .04334994
 57._at   .0433265
 58._at  .04331411
 59._at   .0433128
 60._at  .04332256
 61._at  .04334338
 62._at  .04337525
 63._at  .04341815
 64._at  .04347204
 65._at  .04353689
 66._at  .04361263
 67._at  .04369923
 68._at   .0437966
 69._at  .04390468
 70._at   .0440234
 71._at  .04415266
 72._at  .04429237
 73._at  .04444244
 74._at  .04460276
 75._at  .04477322
 76._at   .0449537
 77._at  .04514409
 78._at  .04534425
 79._at  .04555407
 80._at   .0457734
 81._at  .04600212
 82._at  .04624008
 83._at  .04648714
 84._at  .04674315
 85._at  .04700798
 86._at  .04728147
 87._at  .04756347
 88._at  .04785383
 89._at   .0481524
 90._at  .04845904
 91._at  .04877358
 92._at  .04909587
 93._at  .04942577
 94._at  .04976312
 95._at  .05010777
 96._at  .05045958
 97._at  .05081838
 98._at  .05118405
 99._at  .05155642
100._at  .05193536
101._at  .05232072
(results fullmod are active now)

pred_ed5[101,1]
                y1
  1._at  10.427195
  2._at  10.428557
  3._at  10.429919
  4._at  10.431281
  5._at  10.432642
  6._at  10.434004
  7._at  10.435366
  8._at  10.436728
  9._at   10.43809
 10._at  10.439452
 11._at  10.440813
 12._at  10.442175
 13._at  10.443537
 14._at  10.444899
 15._at  10.446261
 16._at  10.447623
 17._at  10.448984
 18._at  10.450346
 19._at  10.451708
 20._at   10.45307
 21._at  10.454432
 22._at  10.455794
 23._at  10.457155
 24._at  10.458517
 25._at  10.459879
 26._at  10.461241
 27._at  10.462603
 28._at  10.463965
 29._at  10.465326
 30._at  10.466688
 31._at   10.46805
 32._at  10.469412
 33._at  10.470774
 34._at  10.472136
 35._at  10.473498
 36._at  10.474859
 37._at  10.476221
 38._at  10.477583
 39._at  10.478945
 40._at  10.480307
 41._at  10.481669
 42._at   10.48303
 43._at  10.484392
 44._at  10.485754
 45._at  10.487116
 46._at  10.488478
 47._at   10.48984
 48._at  10.491201
 49._at  10.492563
 50._at  10.493925
 51._at  10.495287
 52._at  10.496649
 53._at  10.498011
 54._at  10.499372
 55._at  10.500734
 56._at  10.502096
 57._at  10.503458
 58._at   10.50482
 59._at  10.506182
 60._at  10.507544
 61._at  10.508905
 62._at  10.510267
 63._at  10.511629
 64._at  10.512991
 65._at  10.514353
 66._at  10.515715
 67._at  10.517076
 68._at  10.518438
 69._at    10.5198
 70._at  10.521162
 71._at  10.522524
 72._at  10.523886
 73._at  10.525247
 74._at  10.526609
 75._at  10.527971
 76._at  10.529333
 77._at  10.530695
 78._at  10.532057
 79._at  10.533418
 80._at   10.53478
 81._at  10.536142
 82._at  10.537504
 83._at  10.538866
 84._at  10.540228
 85._at  10.541589
 86._at  10.542951
 87._at  10.544313
 88._at  10.545675
 89._at  10.547037
 90._at  10.548399
 91._at  10.549761
 92._at  10.551122
 93._at  10.552484
 94._at  10.553846
 95._at  10.555208
 96._at   10.55657
 97._at  10.557932
 98._at  10.559293
 99._at  10.560655
100._at  10.562017
101._at  10.563379
(results fullmod are active now)

pred_se_ed5[101,1]
                y1
  1._at  .06915874
  2._at  .06855415
  3._at  .06795383
  4._at  .06735787
  5._at  .06676641
  6._at  .06617955
  7._at  .06559742
  8._at  .06502014
  9._at  .06444786
 10._at   .0638807
 11._at   .0633188
 12._at  .06276231
 13._at  .06221136
 14._at   .0616661
 15._at  .06112669
 16._at  .06059329
 17._at  .06006605
 18._at  .05954514
 19._at  .05903072
 20._at  .05852297
 21._at  .05802206
 22._at  .05752817
 23._at  .05704149
 24._at  .05656219
 25._at  .05609047
 26._at  .05562652
 27._at  .05517054
 28._at  .05472273
 29._at  .05428328
 30._at   .0538524
 31._at  .05343031
 32._at   .0530172
 33._at   .0526133
 34._at  .05221881
 35._at  .05183395
 36._at  .05145894
 37._at  .05109399
 38._at  .05073932
 39._at  .05039515
 40._at  .05006169
 41._at  .04973916
 42._at  .04942778
 43._at  .04912775
 44._at  .04883928
 45._at  .04856259
 46._at  .04829786
 47._at  .04804531
 48._at  .04780512
 49._at  .04757748
 50._at  .04736258
 51._at  .04716058
 52._at  .04697165
 53._at  .04679595
 54._at  .04663363
 55._at  .04648483
 56._at  .04634969
 57._at  .04622831
 58._at  .04612081
 59._at  .04602729
 60._at  .04594783
 61._at  .04588251
 62._at  .04583138
 63._at  .04579449
 64._at  .04577188
 65._at  .04576356
 66._at  .04576956
 67._at  .04578985
 68._at  .04582443
 69._at  .04587325
 70._at  .04593628
 71._at  .04601345
 72._at   .0461047
 73._at  .04620994
 74._at  .04632907
 75._at  .04646199
 76._at  .04660858
 77._at  .04676872
 78._at  .04694226
 79._at  .04712905
 80._at  .04732894
 81._at  .04754177
 82._at  .04776735
 83._at  .04800552
 84._at  .04825608
 85._at  .04851885
 86._at  .04879361
 87._at  .04908018
 88._at  .04937835
 89._at  .04968791
 90._at  .05000865
 91._at  .05034035
 92._at   .0506828
 93._at  .05103578
 94._at  .05139908
 95._at  .05177247
 96._at  .05215575
 97._at  .05254869
 98._at  .05295108
 99._at  .05336271
100._at  .05378336
101._at  .05421283
(results fullmod are active now)

pred_ed6[101,1]
                y1
  1._at  10.519074
  2._at  10.519478
  3._at  10.519883
  4._at  10.520287
  5._at  10.520692
  6._at  10.521096
  7._at  10.521501
  8._at  10.521905
  9._at   10.52231
 10._at  10.522714
 11._at  10.523119
 12._at  10.523523
 13._at  10.523928
 14._at  10.524332
 15._at  10.524737
 16._at  10.525141
 17._at  10.525546
 18._at   10.52595
 19._at  10.526355
 20._at  10.526759
 21._at  10.527164
 22._at  10.527568
 23._at  10.527973
 24._at  10.528377
 25._at  10.528782
 26._at  10.529186
 27._at  10.529591
 28._at  10.529995
 29._at    10.5304
 30._at  10.530804
 31._at  10.531209
 32._at  10.531613
 33._at  10.532017
 34._at  10.532422
 35._at  10.532826
 36._at  10.533231
 37._at  10.533635
 38._at   10.53404
 39._at  10.534444
 40._at  10.534849
 41._at  10.535253
 42._at  10.535658
 43._at  10.536062
 44._at  10.536467
 45._at  10.536871
 46._at  10.537276
 47._at   10.53768
 48._at  10.538085
 49._at  10.538489
 50._at  10.538894
 51._at  10.539298
 52._at  10.539703
 53._at  10.540107
 54._at  10.540512
 55._at  10.540916
 56._at  10.541321
 57._at  10.541725
 58._at   10.54213
 59._at  10.542534
 60._at  10.542939
 61._at  10.543343
 62._at  10.543748
 63._at  10.544152
 64._at  10.544557
 65._at  10.544961
 66._at  10.545366
 67._at   10.54577
 68._at  10.546175
 69._at  10.546579
 70._at  10.546984
 71._at  10.547388
 72._at  10.547793
 73._at  10.548197
 74._at  10.548602
 75._at  10.549006
 76._at   10.54941
 77._at  10.549815
 78._at  10.550219
 79._at  10.550624
 80._at  10.551028
 81._at  10.551433
 82._at  10.551837
 83._at  10.552242
 84._at  10.552646
 85._at  10.553051
 86._at  10.553455
 87._at   10.55386
 88._at  10.554264
 89._at  10.554669
 90._at  10.555073
 91._at  10.555478
 92._at  10.555882
 93._at  10.556287
 94._at  10.556691
 95._at  10.557096
 96._at    10.5575
 97._at  10.557905
 98._at  10.558309
 99._at  10.558714
100._at  10.559118
101._at  10.559523
(results fullmod are active now)

pred_se_ed6[101,1]
                y1
  1._at  .08132296
  2._at  .08055576
  3._at  .07979295
  4._at  .07903465
  5._at  .07828099
  6._at  .07753212
  7._at  .07678817
  8._at  .07604928
  9._at  .07531561
 10._at  .07458731
 11._at  .07386453
 12._at  .07314744
 13._at  .07243621
 14._at  .07173102
 15._at  .07103204
 16._at  .07033946
 17._at  .06965347
 18._at  .06897427
 19._at  .06830205
 20._at  .06763704
 21._at  .06697943
 22._at  .06632946
 23._at  .06568734
 24._at  .06505332
 25._at  .06442763
 26._at  .06381051
 27._at  .06320222
 28._at  .06260301
 29._at  .06201315
 30._at   .0614329
 31._at  .06086255
 32._at  .06030237
 33._at  .05975265
 34._at  .05921368
 35._at  .05868575
 36._at  .05816917
 37._at  .05766424
 38._at  .05717127
 39._at  .05669057
 40._at  .05622246
 41._at  .05576725
 42._at  .05532527
 43._at  .05489683
 44._at  .05448225
 45._at  .05408184
 46._at  .05369594
 47._at  .05332485
 48._at  .05296888
 49._at  .05262834
 50._at  .05230353
 51._at  .05199475
 52._at  .05170228
 53._at   .0514264
 54._at  .05116739
 55._at  .05092548
 56._at  .05070095
 57._at  .05049401
 58._at  .05030487
 59._at  .05013375
 60._at  .04998083
 61._at  .04984628
 62._at  .04973023
 63._at  .04963284
 64._at  .04955419
 65._at  .04949439
 66._at   .0494535
 67._at  .04943157
 68._at  .04942863
 69._at  .04944467
 70._at  .04947968
 71._at  .04953362
 72._at  .04960642
 73._at  .04969801
 74._at  .04980828
 75._at  .04993711
 76._at  .05008435
 77._at  .05024984
 78._at  .05043341
 79._at  .05063485
 80._at  .05085395
 81._at  .05109049
 82._at  .05134422
 83._at  .05161489
 84._at  .05190224
 85._at  .05220599
 86._at  .05252586
 87._at  .05286155
 88._at  .05321277
 89._at   .0535792
 90._at  .05396054
 91._at  .05435648
 92._at   .0547667
 93._at  .05519087
 94._at  .05562869
 95._at  .05607983
 96._at  .05654397
 97._at  .05702079
 98._at  .05750999
 99._at  .05801124
100._at  .05852424
101._at  .05904868
(results fullmod are active now)

pred_ed7[101,1]
                y1
  1._at  10.610953
  2._at    10.6104
  3._at  10.609847
  4._at  10.609294
  5._at  10.608741
  6._at  10.608188
  7._at  10.607636
  8._at  10.607083
  9._at   10.60653
 10._at  10.605977
 11._at  10.605424
 12._at  10.604871
 13._at  10.604318
 14._at  10.603766
 15._at  10.603213
 16._at   10.60266
 17._at  10.602107
 18._at  10.601554
 19._at  10.601001
 20._at  10.600448
 21._at  10.599895
 22._at  10.599343
 23._at   10.59879
 24._at  10.598237
 25._at  10.597684
 26._at  10.597131
 27._at  10.596578
 28._at  10.596025
 29._at  10.595473
 30._at   10.59492
 31._at  10.594367
 32._at  10.593814
 33._at  10.593261
 34._at  10.592708
 35._at  10.592155
 36._at  10.591603
 37._at   10.59105
 38._at  10.590497
 39._at  10.589944
 40._at  10.589391
 41._at  10.588838
 42._at  10.588285
 43._at  10.587733
 44._at   10.58718
 45._at  10.586627
 46._at  10.586074
 47._at  10.585521
 48._at  10.584968
 49._at  10.584415
 50._at  10.583862
 51._at   10.58331
 52._at  10.582757
 53._at  10.582204
 54._at  10.581651
 55._at  10.581098
 56._at  10.580545
 57._at  10.579992
 58._at   10.57944
 59._at  10.578887
 60._at  10.578334
 61._at  10.577781
 62._at  10.577228
 63._at  10.576675
 64._at  10.576122
 65._at   10.57557
 66._at  10.575017
 67._at  10.574464
 68._at  10.573911
 69._at  10.573358
 70._at  10.572805
 71._at  10.572252
 72._at    10.5717
 73._at  10.571147
 74._at  10.570594
 75._at  10.570041
 76._at  10.569488
 77._at  10.568935
 78._at  10.568382
 79._at  10.567829
 80._at  10.567277
 81._at  10.566724
 82._at  10.566171
 83._at  10.565618
 84._at  10.565065
 85._at  10.564512
 86._at  10.563959
 87._at  10.563407
 88._at  10.562854
 89._at  10.562301
 90._at  10.561748
 91._at  10.561195
 92._at  10.560642
 93._at  10.560089
 94._at  10.559537
 95._at  10.558984
 96._at  10.558431
 97._at  10.557878
 98._at  10.557325
 99._at  10.556772
100._at  10.556219
101._at  10.555666
(results fullmod are active now)

pred_se_ed7[101,1]
                y1
  1._at  .09465614
  2._at  .09371333
  3._at  .09277528
  4._at  .09184215
  5._at  .09091409
  6._at  .08999125
  7._at   .0890738
  8._at   .0881619
  9._at  .08725573
 10._at  .08635547
 11._at   .0854613
 12._at  .08457343
 13._at  .08369204
 14._at  .08281734
 15._at  .08194956
 16._at  .08108891
 17._at  .08023562
 18._at  .07938994
 19._at  .07855209
 20._at  .07772234
 21._at  .07690096
 22._at   .0760882
 23._at  .07528436
 24._at  .07448972
 25._at  .07370457
 26._at  .07292922
 27._at    .072164
 28._at  .07140922
 29._at  .07066522
 30._at  .06993234
 31._at  .06921094
 32._at  .06850138
 33._at  .06780403
 34._at  .06711928
 35._at   .0664475
 36._at   .0657891
 37._at  .06514449
 38._at  .06451407
 39._at  .06389827
 40._at  .06329752
 41._at  .06271224
 42._at  .06214288
 43._at  .06158987
 44._at  .06105367
 45._at   .0605347
 46._at  .06003344
 47._at  .05955031
 48._at  .05908577
 49._at  .05864025
 50._at   .0582142
 51._at  .05780805
 52._at  .05742221
 53._at   .0570571
 54._at  .05671311
 55._at  .05639064
 56._at  .05609007
 57._at  .05581173
 58._at  .05555596
 59._at  .05532308
 60._at  .05511338
 61._at  .05492713
 62._at  .05476455
 63._at  .05462587
 64._at  .05451127
 65._at  .05442089
 66._at  .05435486
 67._at  .05431328
 68._at  .05429618
 69._at  .05430361
 70._at  .05433554
 71._at  .05439193
 72._at  .05447271
 73._at  .05457777
 74._at  .05470698
 75._at  .05486015
 76._at  .05503709
 77._at  .05523757
 78._at  .05546134
 79._at  .05570811
 80._at  .05597758
 81._at  .05626943
 82._at  .05658331
 83._at  .05691885
 84._at  .05727567
 85._at  .05765338
 86._at  .05805157
 87._at  .05846982
 88._at  .05890771
 89._at   .0593648
 90._at  .05984065
 91._at  .06033481
 92._at  .06084685
 93._at   .0613763
 94._at  .06192274
 95._at   .0624857
 96._at  .06306475
 97._at  .06365945
 98._at  .06426937
 99._at  .06489406
100._at  .06553313
101._at  .06618613
(results fullmod are active now)

pred_ed8[101,1]
                y1
  1._at  10.702832
  2._at  10.701321
  3._at  10.699811
  4._at  10.698301
  5._at  10.696791
  6._at  10.695281
  7._at   10.69377
  8._at   10.69226
  9._at   10.69075
 10._at   10.68924
 11._at  10.687729
 12._at  10.686219
 13._at  10.684709
 14._at  10.683199
 15._at  10.681689
 16._at  10.680178
 17._at  10.678668
 18._at  10.677158
 19._at  10.675648
 20._at  10.674138
 21._at  10.672627
 22._at  10.671117
 23._at  10.669607
 24._at  10.668097
 25._at  10.666586
 26._at  10.665076
 27._at  10.663566
 28._at  10.662056
 29._at  10.660546
 30._at  10.659035
 31._at  10.657525
 32._at  10.656015
 33._at  10.654505
 34._at  10.652995
 35._at  10.651484
 36._at  10.649974
 37._at  10.648464
 38._at  10.646954
 39._at  10.645443
 40._at  10.643933
 41._at  10.642423
 42._at  10.640913
 43._at  10.639403
 44._at  10.637892
 45._at  10.636382
 46._at  10.634872
 47._at  10.633362
 48._at  10.631852
 49._at  10.630341
 50._at  10.628831
 51._at  10.627321
 52._at  10.625811
 53._at  10.624301
 54._at   10.62279
 55._at   10.62128
 56._at   10.61977
 57._at   10.61826
 58._at  10.616749
 59._at  10.615239
 60._at  10.613729
 61._at  10.612219
 62._at  10.610709
 63._at  10.609198
 64._at  10.607688
 65._at  10.606178
 66._at  10.604668
 67._at  10.603158
 68._at  10.601647
 69._at  10.600137
 70._at  10.598627
 71._at  10.597117
 72._at  10.595606
 73._at  10.594096
 74._at  10.592586
 75._at  10.591076
 76._at  10.589566
 77._at  10.588055
 78._at  10.586545
 79._at  10.585035
 80._at  10.583525
 81._at  10.582015
 82._at  10.580504
 83._at  10.578994
 84._at  10.577484
 85._at  10.575974
 86._at  10.574463
 87._at  10.572953
 88._at  10.571443
 89._at  10.569933
 90._at  10.568423
 91._at  10.566912
 92._at  10.565402
 93._at  10.563892
 94._at  10.562382
 95._at  10.560872
 96._at  10.559361
 97._at  10.557851
 98._at  10.556341
 99._at  10.554831
100._at   10.55332
101._at   10.55181
(results fullmod are active now)

pred_se_ed8[101,1]
                y1
  1._at   .1087291
  2._at  .10760365
  3._at  .10648352
  4._at  .10536888
  5._at   .1042599
  6._at  .10315677
  7._at  .10205968
  8._at  .10096882
  9._at  .09988439
 10._at  .09880662
 11._at  .09773571
 12._at   .0966719
 13._at  .09561542
 14._at  .09456652
 15._at  .09352546
 16._at   .0924925
 17._at  .09146791
 18._at  .09045197
 19._at  .08944499
 20._at  .08844728
 21._at  .08745913
 22._at  .08648089
 23._at   .0855129
 24._at   .0845555
 25._at  .08360906
 26._at  .08267395
 27._at  .08175058
 28._at  .08083932
 29._at  .07994061
 30._at  .07905487
 31._at  .07818254
 32._at  .07732408
 33._at  .07647994
 34._at  .07565062
 35._at   .0748366
 36._at  .07403839
 37._at   .0732565
 38._at  .07249147
 39._at  .07174382
 40._at  .07101412
 41._at  .07030292
 42._at  .06961078
 43._at  .06893829
 44._at  .06828602
 45._at  .06765455
 46._at  .06704448
 47._at  .06645639
 48._at  .06589088
 49._at  .06534852
 50._at  .06482991
 51._at   .0643356
 52._at  .06386618
 53._at  .06342218
 54._at  .06300415
 55._at  .06261261
 56._at  .06224806
 57._at  .06191098
 58._at  .06160181
 59._at  .06132098
 60._at  .06106887
 61._at  .06084586
 62._at  .06065224
 63._at  .06048832
 64._at  .06035433
 65._at  .06025047
 66._at   .0601769
 67._at  .06013373
 68._at  .06012102
 69._at  .06013879
 70._at  .06018702
 71._at  .06026563
 72._at   .0603745
 73._at  .06051348
 74._at  .06068235
 75._at  .06088086
 76._at  .06110873
 77._at  .06136563
 78._at   .0616512
 79._at  .06196503
 80._at  .06230671
 81._at  .06267578
 82._at  .06307175
 83._at  .06349413
 84._at  .06394238
 85._at  .06441598
 86._at  .06491436
 87._at  .06543696
 88._at   .0659832
 89._at   .0665525
 90._at  .06714428
 91._at  .06775795
 92._at  .06839291
 93._at  .06904858
 94._at  .06972438
 95._at  .07041971
 96._at  .07113403
 97._at  .07186675
 98._at  .07261732
 99._at  .07338519
100._at  .07416983
101._at   .0749707

. 
. // Exponentiatie
. foreach myeduc of numlist 0(1)8{
  2.     gen exp_pred`myeduc'=exp(pred_ed`myeduc'1)
  3.     gen ub`myeduc'=exp(pred_ed`myeduc'+(invttail(`mydf',`sigtail')*pred_se_ed`myeduc'1))
  4.     gen lb`myeduc'=exp(pred_ed`myeduc'-(invttail(`mydf',`sigtail')*pred_se_ed`myeduc'1))
  5. }
(8883 missing values generated)
(8883 missing values generated)
(8883 missing values generated)
(8883 missing values generated)
(8883 missing values generated)
(8883 missing values generated)
(8883 missing values generated)
(8883 missing values generated)
(8883 missing values generated)
(8883 missing values generated)
(8883 missing values generated)
(8883 missing values generated)
(8883 missing values generated)
(8883 missing values generated)
(8883 missing values generated)
(8883 missing values generated)
(8883 missing values generated)
(8883 missing values generated)
(8883 missing values generated)
(8883 missing values generated)
(8883 missing values generated)
(8883 missing values generated)
(8883 missing values generated)
(8883 missing values generated)
(8883 missing values generated)
(8883 missing values generated)
(8883 missing values generated)

. 
. /* Need my at values */
. 
. egen asvab_levels=fill(`asvablo'(`step')`asvabhi')    

. 
. twoway line exp_pred0 exp_pred2 exp_pred4 exp_pred6 asvab_levels in 1/101, ///
>        legend(order(1 "0 Years" 2 "2 Years" 3 "4 Years" 4 "6 Years"))  ytitle("Income") xtitle("
> ASVAB Score") name(educ_mult, replace)

. 
. exit

end of do-file


. estimates replay fullmod

--------------------------------------------------------------------------------------------------
Model fullmod
--------------------------------------------------------------------------------------------------

Linear regression                                      Number of obs =    4345
                                                       F( 16,  4328) =   34.95
                                                       Prob > F      =  0.0000
                                                       R-squared     =  0.1260
                                                       Root MSE      =  .91147

---------------------------------------------------------------------------------------
                      |               Robust
              log_inc |      Coef.   Std. Err.      t    P>|t|     [95% Conf. Interval]
----------------------+----------------------------------------------------------------
                 ccol |   .1007874   .0179212     5.62   0.000     .0656527    .1359221
                asvab |   .7656263   .1159675     6.60   0.000     .5382706    .9929821
                      |
       c.ccol#c.asvab |  -.1192099   .0290442    -4.10   0.000    -.1761513   -.0622684
                      |
             1.female |  -.2796944     .10085    -2.77   0.006    -.4774121   -.0819766
                      |
        female#c.ccol |
                   1  |  -.0030821   .0265443    -0.12   0.908    -.0551225    .0489584
                      |
       female#c.asvab |
                   1  |  -.0090945   .1786196    -0.05   0.959    -.3592804    .3410915
                      |
female#c.ccol#c.asvab |
                   1  |   .0877911    .043691     2.01   0.045     .0021343     .173448
                      |
                 agem |   .2777492   .4217923     0.66   0.510    -.5491798    1.104678
                      |
        c.agem#c.agem |  -.0041358   .0074136    -0.56   0.577    -.0186703    .0103986
                      |
               raceth |
                   2  |   .2928362   .0626812     4.67   0.000      .169949    .4157234
                   3  |   .4590009   .1341367     3.42   0.001     .1960243    .7219776
                   4  |   .2852673   .0557674     5.12   0.000     .1759347    .3945999
                      |
        female#raceth |
                 1 2  |  -.2066429    .087792    -2.35   0.019    -.3787601   -.0345256
                 1 3  |  -.4909274   .2989323    -1.64   0.101    -1.076988     .095133
                 1 4  |  -.2578927   .0760748    -3.39   0.001    -.4070382   -.1087471
                      |
            jobtenure |   .0000619   .0000245     2.53   0.012     .0000138      .00011
                _cons |   5.047878   5.982504     0.84   0.399    -6.680895    16.77665
---------------------------------------------------------------------------------------

. exit, clear
