\BOOKMARK [1][-]{section*.1}{Linear Probability Model}{}% 1
\BOOKMARK [2][-]{section*.2}{Probabilities outside of 0,1}{section*.1}% 2
\BOOKMARK [3][-]{section*.3}{Quick Exercise}{section*.2}% 3
\BOOKMARK [2][-]{section*.4}{Non-Normality of Errors}{section*.1}% 4
\BOOKMARK [3][-]{section*.5}{Quick Exercise}{section*.4}% 5
\BOOKMARK [2][-]{section*.6}{Heteroscedasticity}{section*.1}% 6
\BOOKMARK [3][-]{section*.7}{Quick Exercise}{section*.6}% 7
\BOOKMARK [1][-]{section*.8}{Models for Binary Dependent Variables}{}% 8
\BOOKMARK [2][-]{section*.9}{Generalized Linear Models}{section*.8}% 9
\BOOKMARK [2][-]{section*.10}{Maximum Likelihood Estimation}{section*.8}% 10
\BOOKMARK [2][-]{section*.11}{Interpretation of Results}{section*.8}% 11
\BOOKMARK [3][-]{section*.12}{Quick Exercise}{section*.11}% 12
\BOOKMARK [2][-]{section*.13}{Generating Marginal Effects}{section*.8}% 13
\BOOKMARK [2][-]{section*.14}{Generating Probabilities}{section*.8}% 14
\BOOKMARK [3][-]{section*.15}{Quick Exercise}{section*.14}% 15
\BOOKMARK [2][-]{section*.16}{Reporting Odds Ratios}{section*.8}% 16
\BOOKMARK [3][-]{section*.17}{Quick Exercise}{section*.16}% 17
\BOOKMARK [2][-]{section*.18}{Hypothesis Testing}{section*.8}% 18
\BOOKMARK [2][-]{section*.19}{Likelihood Ratio Test}{section*.8}% 19
\BOOKMARK [2][-]{section*.20}{Goodness of Fit}{section*.8}% 20
\BOOKMARK [2][-]{section*.21}{Chi Square Test}{section*.8}% 21
\BOOKMARK [2][-]{section*.22}{Pseudo R2}{section*.8}% 22
\BOOKMARK [2][-]{section*.23}{Percent Correctly Predicted}{section*.8}% 23
