--------------------------------------------------------------------
      name:  <unnamed>
       log:  /Users/doylewr/lpo_prac/lessons/s1-01-introduction/intr
> oduction.log
  log type:  text
 opened on:  25 Aug 2021, 10:39:03

. 
. // Introduction to Stata  
. // Provides a brief look at display, list, summarize, gen, by and 
> if commands 
. // Will Doyle 
. // 8/25/21
. 
. clear

. 
. clear mata // Clears any fluff that might be in mata 

. 
. estimates clear // Clears any estimates hanging around 

. 
. set more off // Get rid of annoying "more" feature 

. 
. set scheme s1color // My  preferred graphics scheme 

. 
. use ad, clear    /*filename of dataset */

. 
. 
. 
. /*** This data comes from the American Community Survey of 2019. I
> t covers all of the [metro or micro
> statistical areas](https://www.census.gov/programs-surveys/metro-m
> icro/about.html#:~:text=The%20general%20concept%20of%20a,social%20
> integration%20with%20that%20core.) in the United States. It includ
> es characteristics of these areas, include education, income, home
>  ownership and others as described below.  
> 
> | Name  | Description   |
> |---|---|
> | name   | Name of Micro/Metro Area   |
> | college_educ   | Percent of population with at least a bachelor'
> s degree   |
> | perc_commute_30p   | Percent of population with commute to work 
> of 30 minutes or more   |
> | perc_insured  | Percent of population with health insurance   |
> | perc_homeown  | Percent of housing units owned by occupier   |
> | geoid | Geographic FIPS Code (id) |
> | income_75  | Percent of population with income over 75,000   |
> | perc_moved_in   | Percent of population that moved from another 
> state in last year   |
> |  perc_in_labor force  | Percent of population in labor force   |
> | metro | Metropolitan Area? Yes/No |
> | state  | State Abbreviation |
> | region  | Census Region |
> | division | Census Division|
> 
> ***/
. 
. exit

end of do-file


Warning
your documentation has a width of 309 which is beyond the limit of
Stata. This can corrupt your document... avoid writing very long
lines in the document.


(markdoc created introduction.pdf)


. 
. 
end of do-file

