--------------------------------------------------------------------------------------------------
      name:  <unnamed>
       log:  /Users/doylewr/practicum/fall_2016/central/lessons/dataset_manipulation/dataset_manip
> ulation.log
  log type:  text
 opened on:  19 Sep 2016, 14:41:17

. 
. // NAME: Dataset manipulatin
. // FILE: lecture4_dataset_manipulation.do
. // AUTH: Will Doyle
. // REVS: Benjamin Skinner
. // INIT: 9 September 2012
. // LAST: 19 Sep 2016
. 
. clear all                               // clear memory

. set more off                            // turn off annoying "__more__" feature

. 
. //Data import
. 
. import delimited "http://www.ats.ucla.edu/stat/r/modules/hsb2.csv", clear
(11 vars, 200 obs)

. 
. // Excel
. 
. import excel "https://nces.ed.gov/programs/digest/d14/tables/xls/tabn304.10.xls", cellrange(A5:L
> 64) clear

. 
. 
. // set globals for url data link and local data path
. global urldata "http://www.ats.ucla.edu/stat/stata/library/apipop"

. 
. // read web data into memory
. use $urldata, clear

. 
. // split into three datasets: elementary, middle, and high school
. 
. // -1- preserve dataset in memory
. // -2- subset to keep only school type that we want
. // -3- save new subset dataset
. // -4- restore old dataset
. 
. // elementary schools
. preserve

. keep if stype == 1                      
(1773 observations deleted)

. save elem, replace
file elem.dta saved

. restore

. 
. // high schools
. preserve

. keep if stype == 2                      
(5439 observations deleted)

. save hs, replace
file hs.dta saved

. restore

. 
. // middle schools (keep this one in memory so no preserve/restore needed)
. keep if stype == 3                      
(5176 observations deleted)

. save middle, replace
file middle.dta saved

. 
. // merging via the append command
. append using elem   
(label yr_rnd already defined)
(label awards already defined)
(label both already defined)
(label comp_imp already defined)
(label sch_wide already defined)
(label stype already defined)

. append using hs
(label stype already defined)
(label sch_wide already defined)
(label comp_imp already defined)
(label both already defined)
(label awards already defined)
(label yr_rnd already defined)

. 
. // merging via the merge command
. use elem, clear

. 
. merge 1:1 snum using hs, gen(_merge_a)
(label yr_rnd already defined)
(label awards already defined)
(label both already defined)
(label comp_imp already defined)
(label sch_wide already defined)
(label stype already defined)

    Result                           # of obs.
    -----------------------------------------
    not matched                         5,176
        from master                     4,421  (_merge_a==1)
        from using                        755  (_merge_a==2)

    matched                                 0  (_merge_a==3)
    -----------------------------------------

. merge 1:1 snum using middle, gen(_merge_b)
(label stype already defined)
(label sch_wide already defined)
(label comp_imp already defined)
(label both already defined)
(label awards already defined)
(label yr_rnd already defined)

    Result                           # of obs.
    -----------------------------------------
    not matched                         6,194
        from master                     5,176  (_merge_b==1)
        from using                      1,018  (_merge_b==2)

    matched                                 0  (_merge_b==3)
    -----------------------------------------

. 
. // show merge stats for each merge
. tab _merge_a

               _merge_a |      Freq.     Percent        Cum.
------------------------+-----------------------------------
        master only (1) |      4,421       85.41       85.41
         using only (2) |        755       14.59      100.00
------------------------+-----------------------------------
                  Total |      5,176      100.00

. tab _merge_b

               _merge_b |      Freq.     Percent        Cum.
------------------------+-----------------------------------
        master only (1) |      5,176       83.56       83.56
         using only (2) |      1,018       16.44      100.00
------------------------+-----------------------------------
                  Total |      6,194      100.00

. 
. // split dataset by variables
. use $urldata, clear

. 
. preserve

. keep snum api00 api99 ell meals         // variable set 1

. save api_1, replace
file api_1.dta saved

. restore

. keep snum full emer                     // variable set 2

. save api_2, replace
file api_2.dta saved

. 
. // merging back together (api_2 in memory)
. merge 1:1 snum using api_1

    Result                           # of obs.
    -----------------------------------------
    not matched                             0
    matched                             6,194  (_merge==3)
    -----------------------------------------

. 
. // view merge stats
. tab _merge

                 _merge |      Freq.     Percent        Cum.
------------------------+-----------------------------------
            matched (3) |      6,194      100.00      100.00
------------------------+-----------------------------------
                  Total |      6,194      100.00

. 
. // collapsing data
. 
. // reload main dataset, since we didn't preserve it before
. use $urldata, clear

. 
. // count of unique counties in dataset
. unique cnum
Number of unique values of cnum is  57
Number of records is  6194

. 
. // mean of pcttest and mobility within countyr
. collapse (mean) pcttest mobility, by (cnum)

. 
. // give count of number of observations (should be number of unique counties)
. count
   57

. 
. // end file
. log close                               // close log
      name:  <unnamed>
       log:  /Users/doylewr/practicum/fall_2016/central/lessons/dataset_manipulation/dataset_manip
> ulation.log
  log type:  text
 closed on:  19 Sep 2016, 14:41:21
--------------------------------------------------------------------------------------------------
