------------------------------------------------------------------------------------------
      name:  <unnamed>
       log:  /Users/doylewr/practicum_2017/central/lessons/s1-06-sampling/sampling_part2.l
> og
  log type:  text
 opened on:  10 Oct 2017, 10:23:15

. 
. // NAME: Sampling: Part 2
. // FILE: lecture7_sampling_part2.do
. // AUTH: Will Doyle
. // REVS: Benjamin Skinner
. // INIT: 18 October 2014
. // LAST: 9 October 2017
.      
. clear all                               // clear memory

. set more off                            // turn off annoying "__more__" feature

. 
. // load data from web, nhanes2f
. webuse nhanes2f, clear

. 
. // naive mean
. mean age height weight

Mean estimation                     Number of obs    =   10337

--------------------------------------------------------------
             |       Mean   Std. Err.     [95% Conf. Interval]
-------------+------------------------------------------------
         age |    47.5637   .1693381      47.23177    47.89564
      height |   167.6512   .0950124       167.465    167.8375
      weight |   71.90088   .1510277      71.60484    72.19692
--------------------------------------------------------------

. 
. // explore survey design
. tab stratid psuid

   stratum |   primary sampling
identifier |     unit, 1 or 2
    , 1-32 |         1          2 |     Total
-----------+----------------------+----------
         1 |       215        165 |       380 
         2 |       118         67 |       185 
         3 |       199        149 |       348 
         4 |       231        229 |       460 
         5 |       147        105 |       252 
         6 |       167        131 |       298 
         7 |       270        206 |       476 
         8 |       179        158 |       337 
         9 |       143        100 |       243 
        10 |       143        119 |       262 
        11 |       120        155 |       275 
        12 |       170        144 |       314 
        13 |       154        188 |       342 
        14 |       205        200 |       405 
        15 |       189        191 |       380 
        16 |       177        159 |       336 
        17 |       180        213 |       393 
        18 |       144        215 |       359 
        20 |       158        125 |       283 
        21 |       102        111 |       213 
        22 |       173        128 |       301 
        23 |       182        158 |       340 
        24 |       202        232 |       434 
        25 |       139        115 |       254 
        26 |       132        129 |       261 
        27 |       144        139 |       283 
        28 |       135        163 |       298 
        29 |       287        215 |       502 
        30 |       166        199 |       365 
        31 |       143        165 |       308 
        32 |       239        211 |       450 
-----------+----------------------+----------
     Total |     5,353      4,984 |    10,337 


. 
. 
. // mean with probability weights
. mean age height weight [pw = finalwgt] 

Mean estimation                     Number of obs    =   10337

--------------------------------------------------------------
             |       Mean   Std. Err.     [95% Conf. Interval]
-------------+------------------------------------------------
         age |   42.23732   .1617236      41.92031    42.55433
      height |   168.4625   .1139787      168.2391     168.686
      weight |   71.90869   .1802768      71.55532    72.26207
--------------------------------------------------------------

. 
. 
. // TAYLOR SERIES LINEARIZED ESTIMATES
. 
. // set survey characteristics with svyset
. svyset psuid [pweight = finalwgt], strata(stratid)

      pweight: finalwgt
          VCE: linearized
  Single unit: missing
     Strata 1: stratid
         SU 1: psuid
        FPC 1: <zero>

. 
. // compute mean using svy pre-command and taylor series estimates
. svy: mean age height weight
(running mean on estimation sample)

Survey: Mean estimation

Number of strata =      31       Number of obs    =      10337
Number of PSUs   =      62       Population size  =  117023659
                                 Design df        =         31

--------------------------------------------------------------
             |             Linearized
             |       Mean   Std. Err.     [95% Conf. Interval]
-------------+------------------------------------------------
         age |   42.23732   .3034412      41.61844    42.85619
      height |   168.4625   .1471709      168.1624    168.7627
      weight |   71.90869   .1672315      71.56762    72.24976
--------------------------------------------------------------

. 
. // BRR ESTIMATES
. 
. // load data from web, nhanes2brr
. webuse nhanes2brr, clear

. 
. // svyset automagically
. svyset

      pweight: finalwgt
          VCE: brr
          MSE: off
    brrweight: brr_1 brr_2 brr_3 brr_4 brr_5 brr_6 brr_7 brr_8 brr_9 brr_10 brr_11
               brr_12 brr_13 brr_14 brr_15 brr_16 brr_17 brr_18 brr_19 brr_20 brr_21
               brr_22 brr_23 brr_24 brr_25 brr_26 brr_27 brr_28 brr_29 brr_30 brr_31
               brr_32
  Single unit: missing
     Strata 1: <one>
         SU 1: <observations>
        FPC 1: <zero>

. 
. // compute mean using svy pre-command and brr weights
. svy: mean age height weight
(running mean on estimation sample)

BRR replications (32)
----+--- 1 ---+--- 2 ---+--- 3 ---+--- 4 ---+--- 5 
................................

Survey: Mean estimation          Number of obs    =      10351
                                 Population size  =  117157513
                                 Replications     =         32
                                 Design df        =         31

--------------------------------------------------------------
             |                 BRR
             |       Mean   Std. Err.     [95% Conf. Interval]
-------------+------------------------------------------------
         age |   42.25264   .3013406      41.63805    42.86723
      height |   168.4599     .14663      168.1608    168.7589
      weight |   71.90064   .1656452       71.5628    72.23847
--------------------------------------------------------------

. 
. 
. // load data from web, nhanes2 no brr
. webuse nhanes2, clear

. 
. // create Hadamard matrix in Mata
. mata: h2 = (1, 1 \ 1, -1)

. mata: h4 = h2 # h2

. mata: h8 = h2 # h4

. mata: h16 = h2 # h8

. mata: h32 = h2 # h16

. 
. // check row and column sums
. mata: rowsum(h32)
         1
     +------+
   1 |  32  |
   2 |   0  |
   3 |   0  |
   4 |   0  |
   5 |   0  |
   6 |   0  |
   7 |   0  |
   8 |   0  |
   9 |   0  |
  10 |   0  |
  11 |   0  |
  12 |   0  |
  13 |   0  |
  14 |   0  |
  15 |   0  |
  16 |   0  |
  17 |   0  |
  18 |   0  |
  19 |   0  |
  20 |   0  |
  21 |   0  |
  22 |   0  |
  23 |   0  |
  24 |   0  |
  25 |   0  |
  26 |   0  |
  27 |   0  |
  28 |   0  |
  29 |   0  |
  30 |   0  |
  31 |   0  |
  32 |   0  |
     +------+

. mata: colsum(h32)
        1    2    3    4    5    6    7    8    9   10   11   12   13   14   15   16
    +---------------------------------------------------------------------------------
  1 |  32    0    0    0    0    0    0    0    0    0    0    0    0    0    0    0
    +---------------------------------------------------------------------------------
       17   18   19   20   21   22   23   24   25   26   27   28   29   30   31   32
     ---------------------------------------------------------------------------------+
  1     0    0    0    0    0    0    0    0    0    0    0    0    0    0    0    0  |
     ---------------------------------------------------------------------------------+

. 
. // save Mata matrix in Stata matrix form
. mata: st_matrix("h32", h32)

. 
. // use our BRR weighting matrix with svy
. svy brr, hadamard(h32): mean age height weight 
(running mean on estimation sample)

BRR replications (32)
----+--- 1 ---+--- 2 ---+--- 3 ---+--- 4 ---+--- 5 
................................

Survey: Mean estimation

Number of strata =      31       Number of obs    =      10351
Number of PSUs   =      62       Population size  =  117157513
                                 Replications     =         32
                                 Design df        =         31

--------------------------------------------------------------
             |                 BRR
             |       Mean   Std. Err.     [95% Conf. Interval]
-------------+------------------------------------------------
         age |   42.25264   .2779063      41.68585    42.81944
      height |   168.4599   .1411963      168.1719    168.7479
      weight |   71.90064   .1620071      71.57022    72.23105
--------------------------------------------------------------

. 
. 
. // JACKNIFE ESTIMATES
. 
. // load data from web, nhanes2jknife
. webuse nhanes2jknife, clear

. 
. // set svyset using jackknife weigts
. svyset [pweight = finalwgt], jkrweight(jkw_*) vce(jackknife)

      pweight: finalwgt
          VCE: jackknife
          MSE: off
    jkrweight: jkw_1 jkw_2 jkw_3 jkw_4 jkw_5 jkw_6 jkw_7 jkw_8 jkw_9 jkw_10 jkw_11
               jkw_12 jkw_13 jkw_14 jkw_15 jkw_16 jkw_17 jkw_18 jkw_19 jkw_20 jkw_21
               jkw_22 jkw_23 jkw_24 jkw_25 jkw_26 jkw_27 jkw_28 jkw_29 jkw_30 jkw_31
               jkw_32 jkw_33 jkw_34 jkw_35 jkw_36 jkw_37 jkw_38 jkw_39 jkw_40 jkw_41
               jkw_42 jkw_43 jkw_44 jkw_45 jkw_46 jkw_47 jkw_48 jkw_49 jkw_50 jkw_51
               jkw_52 jkw_53 jkw_54 jkw_55 jkw_56 jkw_57 jkw_58 jkw_59 jkw_60 jkw_61
               jkw_62
  Single unit: missing
     Strata 1: <one>
         SU 1: <observations>
        FPC 1: <zero>

. 
. 
. // compute naive means without jackknife weights
. mean age weight height

Mean estimation                     Number of obs    =   10351

--------------------------------------------------------------
             |       Mean   Std. Err.     [95% Conf. Interval]
-------------+------------------------------------------------
         age |   47.57965   .1692044      47.24798    47.91133
      weight |   71.89752   .1509381      71.60165    72.19339
      height |   167.6509   .0949079      167.4648    167.8369
--------------------------------------------------------------

. 
. // compute mean with jackknife weights
. svy: mean age weight height
(running mean on estimation sample)

Jackknife replications (62)
----+--- 1 ---+--- 2 ---+--- 3 ---+--- 4 ---+--- 5 
..................................................    50
............

Survey: Mean estimation

Number of strata =      31       Number of obs    =      10351
                                 Population size  =  117157513
                                 Replications     =         62
                                 Design df        =         31

--------------------------------------------------------------
             |              Jackknife
             |       Mean   Std. Err.     [95% Conf. Interval]
-------------+------------------------------------------------
         age |   42.25264   .3026765      41.63533    42.86995
      weight |   71.90064   .1654453      71.56321    72.23806
      height |   168.4599   .1466141      168.1609    168.7589
--------------------------------------------------------------

. 
. // BOOTSTRAP ESTIMATES
. 
. // load data from web, nmihs_bs 
. webuse nmihs_bs, clear

. 
. // svyset 
. svyset idnum [pweight = finwgt], vce(bootstrap) bsrweight(bsrw*)

      pweight: finwgt
          VCE: bootstrap
          MSE: off
    bsrweight: bsrw1 bsrw2 bsrw3 bsrw4 bsrw5 bsrw6 bsrw7 bsrw8 bsrw9 bsrw10 bsrw11
               bsrw12 bsrw13 bsrw14 bsrw15 bsrw16 bsrw17 bsrw18 bsrw19 bsrw20 bsrw21
               bsrw22 bsrw23 bsrw24 bsrw25 bsrw26 bsrw27 bsrw28 bsrw29 bsrw30 bsrw31
               bsrw32 bsrw33 bsrw34 bsrw35 bsrw36 bsrw37 bsrw38 bsrw39 bsrw40 bsrw41
               bsrw42 bsrw43 bsrw44 bsrw45 bsrw46 bsrw47 bsrw48 bsrw49 bsrw50 bsrw51
               bsrw52 bsrw53 bsrw54 bsrw55 bsrw56 bsrw57 bsrw58 bsrw59 bsrw60 bsrw61
               bsrw62 bsrw63 bsrw64 bsrw65 bsrw66 bsrw67 bsrw68 bsrw69 bsrw70 bsrw71
               bsrw72 bsrw73 bsrw74 bsrw75 bsrw76 bsrw77 bsrw78 bsrw79 bsrw80 bsrw81
               bsrw82 bsrw83 bsrw84 bsrw85 bsrw86 bsrw87 bsrw88 bsrw89 bsrw90 bsrw91
               bsrw92 bsrw93 bsrw94 bsrw95 bsrw96 bsrw97 bsrw98 bsrw99 bsrw100 bsrw101
               bsrw102 bsrw103 bsrw104 bsrw105 bsrw106 bsrw107 bsrw108 bsrw109 bsrw110
               bsrw111 bsrw112 bsrw113 bsrw114 bsrw115 bsrw116 bsrw117 bsrw118 bsrw119
               bsrw120 bsrw121 bsrw122 bsrw123 bsrw124 bsrw125 bsrw126 bsrw127 bsrw128
               bsrw129 bsrw130 bsrw131 bsrw132 bsrw133 bsrw134 bsrw135 bsrw136 bsrw137
               bsrw138 bsrw139 bsrw140 bsrw141 bsrw142 bsrw143 bsrw144 bsrw145 bsrw146
               bsrw147 bsrw148 bsrw149 bsrw150 bsrw151 bsrw152 bsrw153 bsrw154 bsrw155
               bsrw156 bsrw157 bsrw158 bsrw159 bsrw160 bsrw161 bsrw162 bsrw163 bsrw164
               bsrw165 bsrw166 bsrw167 bsrw168 bsrw169 bsrw170 bsrw171 bsrw172 bsrw173
               bsrw174 bsrw175 bsrw176 bsrw177 bsrw178 bsrw179 bsrw180 bsrw181 bsrw182
               bsrw183 bsrw184 bsrw185 bsrw186 bsrw187 bsrw188 bsrw189 bsrw190 bsrw191
               bsrw192 bsrw193 bsrw194 bsrw195 bsrw196 bsrw197 bsrw198 bsrw199 bsrw200
               bsrw201 bsrw202 bsrw203 bsrw204 bsrw205 bsrw206 bsrw207 bsrw208 bsrw209
               bsrw210 bsrw211 bsrw212 bsrw213 bsrw214 bsrw215 bsrw216 bsrw217 bsrw218
               bsrw219 bsrw220 bsrw221 bsrw222 bsrw223 bsrw224 bsrw225 bsrw226 bsrw227
               bsrw228 bsrw229 bsrw230 bsrw231 bsrw232 bsrw233 bsrw234 bsrw235 bsrw236
               bsrw237 bsrw238 bsrw239 bsrw240 bsrw241 bsrw242 bsrw243 bsrw244 bsrw245
               bsrw246 bsrw247 bsrw248 bsrw249 bsrw250 bsrw251 bsrw252 bsrw253 bsrw254
               bsrw255 bsrw256 bsrw257 bsrw258 bsrw259 bsrw260 bsrw261 bsrw262 bsrw263
               bsrw264 bsrw265 bsrw266 bsrw267 bsrw268 bsrw269 bsrw270 bsrw271 bsrw272
               bsrw273 bsrw274 bsrw275 bsrw276 bsrw277 bsrw278 bsrw279 bsrw280 bsrw281
               bsrw282 bsrw283 bsrw284 bsrw285 bsrw286 bsrw287 bsrw288 bsrw289 bsrw290
               bsrw291 bsrw292 bsrw293 bsrw294 bsrw295 bsrw296 bsrw297 bsrw298 bsrw299
               bsrw300 bsrw301 bsrw302 bsrw303 bsrw304 bsrw305 bsrw306 bsrw307 bsrw308
               bsrw309 bsrw310 bsrw311 bsrw312 bsrw313 bsrw314 bsrw315 bsrw316 bsrw317
               bsrw318 bsrw319 bsrw320 bsrw321 bsrw322 bsrw323 bsrw324 bsrw325 bsrw326
               bsrw327 bsrw328 bsrw329 bsrw330 bsrw331 bsrw332 bsrw333 bsrw334 bsrw335
               bsrw336 bsrw337 bsrw338 bsrw339 bsrw340 bsrw341 bsrw342 bsrw343 bsrw344
               bsrw345 bsrw346 bsrw347 bsrw348 bsrw349 bsrw350 bsrw351 bsrw352 bsrw353
               bsrw354 bsrw355 bsrw356 bsrw357 bsrw358 bsrw359 bsrw360 bsrw361 bsrw362
               bsrw363 bsrw364 bsrw365 bsrw366 bsrw367 bsrw368 bsrw369 bsrw370 bsrw371
               bsrw372 bsrw373 bsrw374 bsrw375 bsrw376 bsrw377 bsrw378 bsrw379 bsrw380
               bsrw381 bsrw382 bsrw383 bsrw384 bsrw385 bsrw386 bsrw387 bsrw388 bsrw389
               bsrw390 bsrw391 bsrw392 bsrw393 bsrw394 bsrw395 bsrw396 bsrw397 bsrw398
               bsrw399 bsrw400 bsrw401 bsrw402 bsrw403 bsrw404 bsrw405 bsrw406 bsrw407
               bsrw408 bsrw409 bsrw410 bsrw411 bsrw412 bsrw413 bsrw414 bsrw415 bsrw416
               bsrw417 bsrw418 bsrw419 bsrw420 bsrw421 bsrw422 bsrw423 bsrw424 bsrw425
               bsrw426 bsrw427 bsrw428 bsrw429 bsrw430 bsrw431 bsrw432 bsrw433 bsrw434
               bsrw435 bsrw436 bsrw437 bsrw438 bsrw439 bsrw440 bsrw441 bsrw442 bsrw443
               bsrw444 bsrw445 bsrw446 bsrw447 bsrw448 bsrw449 bsrw450 bsrw451 bsrw452
               bsrw453 bsrw454 bsrw455 bsrw456 bsrw457 bsrw458 bsrw459 bsrw460 bsrw461
               bsrw462 bsrw463 bsrw464 bsrw465 bsrw466 bsrw467 bsrw468 bsrw469 bsrw470
               bsrw471 bsrw472 bsrw473 bsrw474 bsrw475 bsrw476 bsrw477 bsrw478 bsrw479
               bsrw480 bsrw481 bsrw482 bsrw483 bsrw484 bsrw485 bsrw486 bsrw487 bsrw488
               bsrw489 bsrw490 bsrw491 bsrw492 bsrw493 bsrw494 bsrw495 bsrw496 bsrw497
               bsrw498 bsrw499 bsrw500 bsrw501 bsrw502 bsrw503 bsrw504 bsrw505 bsrw506
               bsrw507 bsrw508 bsrw509 bsrw510 bsrw511 bsrw512 bsrw513 bsrw514 bsrw515
               bsrw516 bsrw517 bsrw518 bsrw519 bsrw520 bsrw521 bsrw522 bsrw523 bsrw524
               bsrw525 bsrw526 bsrw527 bsrw528 bsrw529 bsrw530 bsrw531 bsrw532 bsrw533
               bsrw534 bsrw535 bsrw536 bsrw537 bsrw538 bsrw539 bsrw540 bsrw541 bsrw542
               bsrw543 bsrw544 bsrw545 bsrw546 bsrw547 bsrw548 bsrw549 bsrw550 bsrw551
               bsrw552 bsrw553 bsrw554 bsrw555 bsrw556 bsrw557 bsrw558 bsrw559 bsrw560
               bsrw561 bsrw562 bsrw563 bsrw564 bsrw565 bsrw566 bsrw567 bsrw568 bsrw569
               bsrw570 bsrw571 bsrw572 bsrw573 bsrw574 bsrw575 bsrw576 bsrw577 bsrw578
               bsrw579 bsrw580 bsrw581 bsrw582 bsrw583 bsrw584 bsrw585 bsrw586 bsrw587
               bsrw588 bsrw589 bsrw590 bsrw591 bsrw592 bsrw593 bsrw594 bsrw595 bsrw596
               bsrw597 bsrw598 bsrw599 bsrw600 bsrw601 bsrw602 bsrw603 bsrw604 bsrw605
               bsrw606 bsrw607 bsrw608 bsrw609 bsrw610 bsrw611 bsrw612 bsrw613 bsrw614
               bsrw615 bsrw616 bsrw617 bsrw618 bsrw619 bsrw620 bsrw621 bsrw622 bsrw623
               bsrw624 bsrw625 bsrw626 bsrw627 bsrw628 bsrw629 bsrw630 bsrw631 bsrw632
               bsrw633 bsrw634 bsrw635 bsrw636 bsrw637 bsrw638 bsrw639 bsrw640 bsrw641
               bsrw642 bsrw643 bsrw644 bsrw645 bsrw646 bsrw647 bsrw648 bsrw649 bsrw650
               bsrw651 bsrw652 bsrw653 bsrw654 bsrw655 bsrw656 bsrw657 bsrw658 bsrw659
               bsrw660 bsrw661 bsrw662 bsrw663 bsrw664 bsrw665 bsrw666 bsrw667 bsrw668
               bsrw669 bsrw670 bsrw671 bsrw672 bsrw673 bsrw674 bsrw675 bsrw676 bsrw677
               bsrw678 bsrw679 bsrw680 bsrw681 bsrw682 bsrw683 bsrw684 bsrw685 bsrw686
               bsrw687 bsrw688 bsrw689 bsrw690 bsrw691 bsrw692 bsrw693 bsrw694 bsrw695
               bsrw696 bsrw697 bsrw698 bsrw699 bsrw700 bsrw701 bsrw702 bsrw703 bsrw704
               bsrw705 bsrw706 bsrw707 bsrw708 bsrw709 bsrw710 bsrw711 bsrw712 bsrw713
               bsrw714 bsrw715 bsrw716 bsrw717 bsrw718 bsrw719 bsrw720 bsrw721 bsrw722
               bsrw723 bsrw724 bsrw725 bsrw726 bsrw727 bsrw728 bsrw729 bsrw730 bsrw731
               bsrw732 bsrw733 bsrw734 bsrw735 bsrw736 bsrw737 bsrw738 bsrw739 bsrw740
               bsrw741 bsrw742 bsrw743 bsrw744 bsrw745 bsrw746 bsrw747 bsrw748 bsrw749
               bsrw750 bsrw751 bsrw752 bsrw753 bsrw754 bsrw755 bsrw756 bsrw757 bsrw758
               bsrw759 bsrw760 bsrw761 bsrw762 bsrw763 bsrw764 bsrw765 bsrw766 bsrw767
               bsrw768 bsrw769 bsrw770 bsrw771 bsrw772 bsrw773 bsrw774 bsrw775 bsrw776
               bsrw777 bsrw778 bsrw779 bsrw780 bsrw781 bsrw782 bsrw783 bsrw784 bsrw785
               bsrw786 bsrw787 bsrw788 bsrw789 bsrw790 bsrw791 bsrw792 bsrw793 bsrw794
               bsrw795 bsrw796 bsrw797 bsrw798 bsrw799 bsrw800 bsrw801 bsrw802 bsrw803
               bsrw804 bsrw805 bsrw806 bsrw807 bsrw808 bsrw809 bsrw810 bsrw811 bsrw812
               bsrw813 bsrw814 bsrw815 bsrw816 bsrw817 bsrw818 bsrw819 bsrw820 bsrw821
               bsrw822 bsrw823 bsrw824 bsrw825 bsrw826 bsrw827 bsrw828 bsrw829 bsrw830
               bsrw831 bsrw832 bsrw833 bsrw834 bsrw835 bsrw836 bsrw837 bsrw838 bsrw839
               bsrw840 bsrw841 bsrw842 bsrw843 bsrw844 bsrw845 bsrw846 bsrw847 bsrw848
               bsrw849 bsrw850 bsrw851 bsrw852 bsrw853 bsrw854 bsrw855 bsrw856 bsrw857
               bsrw858 bsrw859 bsrw860 bsrw861 bsrw862 bsrw863 bsrw864 bsrw865 bsrw866
               bsrw867 bsrw868 bsrw869 bsrw870 bsrw871 bsrw872 bsrw873 bsrw874 bsrw875
               bsrw876 bsrw877 bsrw878 bsrw879 bsrw880 bsrw881 bsrw882 bsrw883 bsrw884
               bsrw885 bsrw886 bsrw887 bsrw888 bsrw889 bsrw890 bsrw891 bsrw892 bsrw893
               bsrw894 bsrw895 bsrw896 bsrw897 bsrw898 bsrw899 bsrw900 bsrw901 bsrw902
               bsrw903 bsrw904 bsrw905 bsrw906 bsrw907 bsrw908 bsrw909 bsrw910 bsrw911
               bsrw912 bsrw913 bsrw914 bsrw915 bsrw916 bsrw917 bsrw918 bsrw919 bsrw920
               bsrw921 bsrw922 bsrw923 bsrw924 bsrw925 bsrw926 bsrw927 bsrw928 bsrw929
               bsrw930 bsrw931 bsrw932 bsrw933 bsrw934 bsrw935 bsrw936 bsrw937 bsrw938
               bsrw939 bsrw940 bsrw941 bsrw942 bsrw943 bsrw944 bsrw945 bsrw946 bsrw947
               bsrw948 bsrw949 bsrw950 bsrw951 bsrw952 bsrw953 bsrw954 bsrw955 bsrw956
               bsrw957 bsrw958 bsrw959 bsrw960 bsrw961 bsrw962 bsrw963 bsrw964 bsrw965
               bsrw966 bsrw967 bsrw968 bsrw969 bsrw970 bsrw971 bsrw972 bsrw973 bsrw974
               bsrw975 bsrw976 bsrw977 bsrw978 bsrw979 bsrw980 bsrw981 bsrw982 bsrw983
               bsrw984 bsrw985 bsrw986 bsrw987 bsrw988 bsrw989 bsrw990 bsrw991 bsrw992
               bsrw993 bsrw994 bsrw995 bsrw996 bsrw997 bsrw998 bsrw999 bsrw1000
  Single unit: missing
     Strata 1: <one>
         SU 1: idnum
        FPC 1: <zero>

. 
. // convert birth weight grams to lbs for the Americans
. gen birthwgtlbs = birthwgt * 0.0022046
(7 missing values generated)

. 
. // compute naive mean birthweight
. mean birthwgtlbs

Mean estimation                     Number of obs    =    9946

--------------------------------------------------------------
             |       Mean   Std. Err.     [95% Conf. Interval]
-------------+------------------------------------------------
 birthwgtlbs |   6.272294   .0217405      6.229678     6.31491
--------------------------------------------------------------

. 
. // compute mean with svy bootstrap
. svy: mean birthwgtlbs
(running mean on estimation sample)

Bootstrap replications (1000)
----+--- 1 ---+--- 2 ---+--- 3 ---+--- 4 ---+--- 5 
..................................................    50
..................................................   100
..................................................   150
..................................................   200
..................................................   250
..................................................   300
..................................................   350
..................................................   400
..................................................   450
..................................................   500
..................................................   550
..................................................   600
..................................................   650
..................................................   700
..................................................   750
..................................................   800
..................................................   850
..................................................   900
..................................................   950
..................................................  1000

Survey: Mean estimation            Number of obs    =     9946
                                   Population size  =  3895562
                                   Replications     =     1000

--------------------------------------------------------------
             |   Observed   Bootstrap         Normal-based
             |       Mean   Std. Err.     [95% Conf. Interval]
-------------+------------------------------------------------
 birthwgtlbs |    7.39743   .0143754      7.369255    7.425606
--------------------------------------------------------------

. 
. exit 

end of do-file


. mean birthwgtlbs

Mean estimation                     Number of obs    =    9946

--------------------------------------------------------------
             |       Mean   Std. Err.     [95% Conf. Interval]
-------------+------------------------------------------------
 birthwgtlbs |   6.272294   .0217405      6.229678     6.31491
--------------------------------------------------------------

. mean birthwgtlbs [pw=finwgt]

Mean estimation                     Number of obs    =    9946

--------------------------------------------------------------
             |       Mean   Std. Err.     [95% Conf. Interval]
-------------+------------------------------------------------
 birthwgtlbs |    7.39743   .0152857      7.367467    7.427393
--------------------------------------------------------------

. do "/var/folders/h_/wc0n_t2j437g61hxg5t3sbdw1bjh2n/T//SD22382.000000"

. use ../../data/plans.dta, clear

. 
. /* TS estimation */ 
. 
. svyset psu [pw=f1pnlwt],strata(strat_id)

      pweight: f1pnlwt
          VCE: linearized
  Single unit: missing
     Strata 1: strat_id
         SU 1: psu
        FPC 1: <zero>

. 
. mean bynels2m, over(byrace)

Mean estimation                     Number of obs    =   16160

    _subpop_1: byrace = {survey component legitimate ski
    _subpop_2: byrace = {nonrespondent}
    _subpop_3: byrace = amer. indian/alaska native, non-
    _subpop_4: byrace = asian, hawaii/pac. islander,non-
    _subpop_5: byrace = black or african american, non-h
    _subpop_6: byrace = hispanic, no race specified
    _subpop_7: byrace = hispanic, race specified
    _subpop_8: byrace = multiracial, non-hispanic
    _subpop_9: byrace = white, non-hispanic

--------------------------------------------------------------
        Over |       Mean   Std. Err.     [95% Conf. Interval]
-------------+------------------------------------------------
bynels2m     |
   _subpop_1 |         -8          0             .           .
   _subpop_2 |   44.80427   .4417672      43.93836    45.67019
   _subpop_3 |   38.50031   .9723931      36.59431    40.40631
   _subpop_4 |   49.51846   .3734691      48.78642     50.2505
   _subpop_5 |    36.4727   .2537438      35.97533    36.97007
   _subpop_6 |   38.38982   .3988786      37.60797    39.17167
   _subpop_7 |     38.626   .3791879      37.88275    39.36925
   _subpop_8 |   44.92767   .4869373      43.97322    45.88212
   _subpop_9 |     48.644   .1346947      48.37998    48.90801
--------------------------------------------------------------

. 
. svy: mean bynels2m, over(byrace) 
(running mean on estimation sample)

Survey: Mean estimation

Number of strata =     361         Number of obs    =    16160
Number of PSUs   =     751         Population size  =  3388462
                                   Design df        =      390

    _subpop_1: byrace = {survey component legitimate ski
    _subpop_2: byrace = {nonrespondent}
    _subpop_3: byrace = amer. indian/alaska native, non-
    _subpop_4: byrace = asian, hawaii/pac. islander,non-
    _subpop_5: byrace = black or african american, non-h
    _subpop_6: byrace = hispanic, no race specified
    _subpop_7: byrace = hispanic, race specified
    _subpop_8: byrace = multiracial, non-hispanic
    _subpop_9: byrace = white, non-hispanic

--------------------------------------------------------------
             |             Linearized
        Over |       Mean   Std. Err.     [95% Conf. Interval]
-------------+------------------------------------------------
bynels2m     |
   _subpop_1 |          .  (sum of weights equals zero)
   _subpop_2 |   42.73409   .5619385      41.62929     43.8389
   _subpop_3 |   38.48761   1.361135      35.81153    41.16369
   _subpop_4 |   49.75732   .8126979      48.15951    51.35514
   _subpop_5 |   35.80617   .4354775      34.94999    36.66235
   _subpop_6 |   37.81636   .5967934      36.64302    38.98969
   _subpop_7 |   37.85814   .5601426      36.75686    38.95941
   _subpop_8 |   43.50999   .6856923      42.16187     44.8581
   _subpop_9 |   48.44039    .254996      47.93906    48.94173
--------------------------------------------------------------

. 
. 
. use ../../data/plans.dta, clear

. 
. sample 50
(8080 observations deleted)

. 
. svyset psu [pw=f1pnlwt],strata(strat_id)

      pweight: f1pnlwt
          VCE: linearized
  Single unit: missing
     Strata 1: strat_id
         SU 1: psu
        FPC 1: <zero>

. 
. svydes 

Survey: Describing stage 1 sampling units

      pweight: f1pnlwt
          VCE: linearized
  Single unit: missing
     Strata 1: strat_id
         SU 1: psu
        FPC 1: <zero>

                                      #Obs per Unit
                              ----------------------------
Stratum    #Units     #Obs      min       mean      max   
--------  --------  --------  --------  --------  --------
     101         2        24        10      12.0        14
     102         2        30        11      15.0        19
     103         3        27         7       9.0        10
     104         2        22        10      11.0        12
     105         2        25        10      12.5        15
     106         2        21         9      10.5        12
     107         2        35        16      17.5        19
     108         2        23        11      11.5        12
     109         2        19         6       9.5        13
     110         2        20         8      10.0        12
     111         2        24         6      12.0        18
     112         2        25        10      12.5        15
     113         2        23         8      11.5        15
     114         2        22         8      11.0        14
     115         2        28        13      14.0        15
     116         2        19         8       9.5        11
     117         2        13         6       6.5         7
     118         2        16         5       8.0        11
     119         2        21         8      10.5        13
     120         2        32        16      16.0        16
     121         2        30        12      15.0        18
     122         2        26        12      13.0        14
     123         2        34        17      17.0        17
     124         2        25        12      12.5        13
     125         2        28         6      14.0        22
     126         2        21         6      10.5        15
     127         2        22         8      11.0        14
     128         2        17         8       8.5         9
     129         2        20         9      10.0        11
     130         2        18         5       9.0        13
     131         2        13         4       6.5         9
     132         2        25         8      12.5        17
     133         2        31        12      15.5        19
     134         2        21         9      10.5        12
     135         2        18         9       9.0         9
     136         2        29        13      14.5        16
     137         2        22         6      11.0        16
     138         2        30        14      15.0        16
     139         2        15         3       7.5        12
     140         2        25        11      12.5        14
     141         2        19         9       9.5        10
     142         2        19         9       9.5        10
     143         2        25        11      12.5        14
     144         2        33        15      16.5        18
     145         2        21         6      10.5        15
     146         2        20         8      10.0        12
     147         2        23         9      11.5        14
     148         2        24         8      12.0        16
     149         2        19         8       9.5        11
     150         2        22        11      11.0        11
     151         2        20         9      10.0        11
     152         2        23        10      11.5        13
     153         2        25        11      12.5        14
     154         2        21         5      10.5        16
     155         2        18         6       9.0        12
     156         2        18         7       9.0        11
     157         2        19         6       9.5        13
     158         2        27        12      13.5        15
     159         2        20         6      10.0        14
     160         2        26        11      13.0        15
     161         2        11         3       5.5         8
     162         2        15         7       7.5         8
     163         2        32        13      16.0        19
     164         2        15         5       7.5        10
     165         2        19         9       9.5        10
     166         2        20         6      10.0        14
     167         2        26        10      13.0        16
     168         2        17         8       8.5         9
     169         2        18         6       9.0        12
     170         2        24        10      12.0        14
     171         2        21        10      10.5        11
     172         2        11         4       5.5         7
     173         2        17         7       8.5        10
     174         2        24        11      12.0        13
     175         2        18         7       9.0        11
     176         2        32        15      16.0        17
     177         2        17         5       8.5        12
     178         2        23        11      11.5        12
     179         2        33        12      16.5        21
     180         2        33        15      16.5        18
     181         2        26        12      13.0        14
     182         2        13         3       6.5        10
     183         2        17         6       8.5        11
     184         2        23         7      11.5        16
     185         2        26        11      13.0        15
     186         2        28         8      14.0        20
     187         2        22         8      11.0        14
     188         2        16         7       8.0         9
     189         2        11         1       5.5        10
     190         2        21         7      10.5        14
     191         3        34         8      11.3        15
     192         2        25        11      12.5        14
     193         2        22         9      11.0        13
     194         2        28         9      14.0        19
     195         2        28        12      14.0        16
     196         2        24        10      12.0        14
     197         2        21         8      10.5        13
     198         2        19         7       9.5        12
     199         2        28        13      14.0        15
     200         2        23         4      11.5        19
     201         2        26        11      13.0        15
     202         2        12         6       6.0         6
     203         1*        7         7       7.0         7
     204         2        18         5       9.0        13
     205         2        13         5       6.5         8
     206         2        27        10      13.5        17
     207         2        17         8       8.5         9
     208         2        19         9       9.5        10
     209         2        23         7      11.5        16
     210         2        14         3       7.0        11
     211         2        17         6       8.5        11
     212         2        25         7      12.5        18
     213         2        17         7       8.5        10
     214         2        19         9       9.5        10
     215         2        24        10      12.0        14
     216         2        23        10      11.5        13
     217         3        33         7      11.0        15
     218         2        14         3       7.0        11
     219         2        25         9      12.5        16
     220         2        22         9      11.0        13
     221         2        14         6       7.0         8
     222         2        21        10      10.5        11
     223         2        21         8      10.5        13
     224         2        25        12      12.5        13
     225         2        27        13      13.5        14
     226         2        21         9      10.5        12
     227         2        28        11      14.0        17
     228         2        25         9      12.5        16
     229         2        24        12      12.0        12
     230         2        27        10      13.5        17
     231         2        19         9       9.5        10
     232         2        16         5       8.0        11
     233         2        26        13      13.0        13
     234         2        27        13      13.5        14
     235         2        23        10      11.5        13
     236         2        22         9      11.0        13
     237         3        38        10      12.7        14
     238         2        22        11      11.0        11
     239         2        24        12      12.0        12
     240         2         8         3       4.0         5
     241         3        19         6       6.3         7
     242         2        24         7      12.0        17
     243         2        23         9      11.5        14
     244         2        15         7       7.5         8
     245         2        15         6       7.5         9
     246         2        18         9       9.0         9
     247         3        35         6      11.7        15
     248         2        24        11      12.0        13
     249         2        23        10      11.5        13
     250         3        29         7       9.7        13
     251         2        24         7      12.0        17
     252         2        24        12      12.0        12
     253         2        23        10      11.5        13
     254         2        19         5       9.5        14
     255         2        24         9      12.0        15
     256         3        28         4       9.3        14
     257         2        19         9       9.5        10
     258         2        18         7       9.0        11
     259         2        16         7       8.0         9
     260         2        24         9      12.0        15
     261         2        26        12      13.0        14
     262         2        15         6       7.5         9
     263         2        10         5       5.0         5
     264         3        33         8      11.0        15
     265         2        19         4       9.5        15
     266         2        28        14      14.0        14
     267         2        14         6       7.0         8
     268         3        48        14      16.0        17
     269         2        16         5       8.0        11
     270         2        14         6       7.0         8
     271         2        12         5       6.0         7
     272         2        14         6       7.0         8
     273         2        19         9       9.5        10
     274         2        23        10      11.5        13
     275         2        27        11      13.5        16
     276         2        23         4      11.5        19
     277         2        23         8      11.5        15
     278         2        31        15      15.5        16
     279         2        23        11      11.5        12
     280         2        20        10      10.0        10
     281         2        24        11      12.0        13
     282         2        24        11      12.0        13
     283         2        11         4       5.5         7
     284         2        21         9      10.5        12
     285         2        35        16      17.5        19
     286         2        24        11      12.0        13
     287         2        28        11      14.0        17
     288         2        31        15      15.5        16
     289         2        29        12      14.5        17
     290         2        31        13      15.5        18
     291         2        28        10      14.0        18
     292         2        26         8      13.0        18
     293         2        30        14      15.0        16
     294         2        20         6      10.0        14
     295         2        26        10      13.0        16
     296         2        28        12      14.0        16
     297         2        34        13      17.0        21
     298         2        20         8      10.0        12
     299         2        18         7       9.0        11
     300         2        26        12      13.0        14
     301         2        28        13      14.0        15
     302         2        29        14      14.5        15
     303         2        30         9      15.0        21
     304         2        33        13      16.5        20
     305         2        22         1      11.0        21
     306         2        17         4       8.5        13
     307         2        23        11      11.5        12
     308         3        23         6       7.7        10
     309         2        23        10      11.5        13
     310         2        17         6       8.5        11
     311         2        20         9      10.0        11
     312         2        18         5       9.0        13
     313         2        12         6       6.0         6
     314         2        21         8      10.5        13
     315         2        16         7       8.0         9
     316         2        24        11      12.0        13
     317         2        22         6      11.0        16
     318         2        22         9      11.0        13
     319         2        13         4       6.5         9
     320         2        24         8      12.0        16
     321         2        13         4       6.5         9
     322         2        20         7      10.0        13
     323         2        11         4       5.5         7
     324         3        34         6      11.3        15
     325         2        32        13      16.0        19
     326         2        19         7       9.5        12
     327         2        32        11      16.0        21
     328         2        23         9      11.5        14
     329         2        23         9      11.5        14
     330         2        11         3       5.5         8
     331         2        18         6       9.0        12
     332         2        25        10      12.5        15
     333         2        23        10      11.5        13
     334         2        21         6      10.5        15
     335         2        22         9      11.0        13
     336         2        22         7      11.0        15
     337         2        14         2       7.0        12
     338         2        35        15      17.5        20
     339         2        22         8      11.0        14
     340         2        28        13      14.0        15
     341         2        13         3       6.5        10
     342         2        26         8      13.0        18
     343         2        28         7      14.0        21
     344         2        22         7      11.0        15
     345         2        19         8       9.5        11
     346         2        19         8       9.5        11
     347         2        19         6       9.5        13
     348         2        17         8       8.5         9
     349         2        22        10      11.0        12
     350         2        23        11      11.5        12
     351         2        16         6       8.0        10
     352         3        32         8      10.7        13
     353         2        23         6      11.5        17
     354         2        26        12      13.0        14
     355         2        31        15      15.5        16
     356         2        22         9      11.0        13
     357         3        30         7      10.0        13
     358         2        27        10      13.5        17
     359         3        25         6       8.3        11
     360         2        19         6       9.5        13
     361         2        24        12      12.0        12
     362         2        24        10      12.0        14
     363         2        30        15      15.0        15
     364         2        16         7       8.0         9
     365         2        22         6      11.0        16
     366         2        22        10      11.0        12
     367         2        23         8      11.5        15
     368         2        28        12      14.0        16
     369         2        25        11      12.5        14
     370         2        32        13      16.0        19
     371         2        27        12      13.5        15
     372         2        26        11      13.0        15
     373         2        29        14      14.5        15
     374         2        15         6       7.5         9
     375         2        19         9       9.5        10
     376         2        19         8       9.5        11
     377         3        38        10      12.7        17
     378         2        18         8       9.0        10
     379         2        17         7       8.5        10
     380         2        17         7       8.5        10
     381         3        25         6       8.3        11
     382         2        15         7       7.5         8
     383         2        28        13      14.0        15
     384         2        13         6       6.5         7
     385         2        22         4      11.0        18
     386         2        23        11      11.5        12
     387         2        25        12      12.5        13
     388         2        15         7       7.5         8
     389         2        15         5       7.5        10
     390         2        27        12      13.5        15
     391         2        24        12      12.0        12
     392         3        32         7      10.7        14
     393         2        17         8       8.5         9
     394         2        32        12      16.0        20
     395         2        22         8      11.0        14
     396         2        23        11      11.5        12
     397         2        20         9      10.0        11
     398         2        18         9       9.0         9
     399         2        17         8       8.5         9
     400         2        14         5       7.0         9
     401         2        30        14      15.0        16
     402         2        30        15      15.0        15
     403         2        17         4       8.5        13
     404         2        19         9       9.5        10
     405         2        12         5       6.0         7
     406         2        23        10      11.5        13
     407         2        16         5       8.0        11
     408         2        21        10      10.5        11
     409         2        15         6       7.5         9
     410         2        28         9      14.0        19
     411         2        29        14      14.5        15
     412         2        18         6       9.0        12
     413         2        11         4       5.5         7
     414         2        25         8      12.5        17
     415         2        17         5       8.5        12
     416         2        19         8       9.5        11
     417         2        22         8      11.0        14
     418         3        30         8      10.0        13
     419         2        30        14      15.0        16
     420         2        13         5       6.5         8
     421         2        19         8       9.5        11
     422         2        24         9      12.0        15
     423         2        18         9       9.0         9
     424         3        35        10      11.7        14
     425         3        37        11      12.3        14
     426         3        42         7      14.0        18
     427         2        28         2      14.0        26
     428         3        26         6       8.7        12
     429         2        26         9      13.0        17
     430         2         5         1       2.5         4
     431         2         9         3       4.5         6
     432         2        23        11      11.5        12
     433         2        22         7      11.0        15
     434         3        43         4      14.3        24
     435         2        14         6       7.0         8
     436         3        33         4      11.0        15
     437         2        14         3       7.0        11
     438         2        19         6       9.5        13
     439         2        25        11      12.5        14
     440         2        38        11      19.0        27
     441         3        23         3       7.7        13
     442         2        10         1       5.0         9
     443         2        14         7       7.0         7
     444         2        24        10      12.0        14
     445         2        25        12      12.5        13
     446         2        16         3       8.0        13
     447         3        24         5       8.0        10
     448         2        19         6       9.5        13
     449         2        16         5       8.0        11
     450         2        25         5      12.5        20
     451         3        16         2       5.3         8
     452         2        27        12      13.5        15
     453         2        23         2      11.5        21
     454         2        21        10      10.5        11
     455         3        31         6      10.3        14
     456         2        10         1       5.0         9
     457         2        14         7       7.0         7
     458         2        18         7       9.0        11
     459         2        20         4      10.0        16
     460         2        13         3       6.5        10
     461         2        13         5       6.5         8
--------  --------  --------  --------  --------  --------
     361       750      8080         1      10.8        27

. 
. exit 

end of do-file


. tab strat_id psu

           |      primary sampling unit
   stratum |     psu 1      psu 2      psu 3 |     Total
-----------+---------------------------------+----------
       101 |        14         10          0 |        24 
       102 |        11         19          0 |        30 
       103 |        10          7         10 |        27 
       104 |        12         10          0 |        22 
       105 |        15         10          0 |        25 
       106 |        12          9          0 |        21 
       107 |        19         16          0 |        35 
       108 |        12         11          0 |        23 
       109 |        13          6          0 |        19 
       110 |         8         12          0 |        20 
       111 |        18          6          0 |        24 
       112 |        10         15          0 |        25 
       113 |         8         15          0 |        23 
       114 |        14          8          0 |        22 
       115 |        13         15          0 |        28 
       116 |         8         11          0 |        19 
       117 |         6          7          0 |        13 
       118 |         5         11          0 |        16 
       119 |         8         13          0 |        21 
       120 |        16         16          0 |        32 
       121 |        18         12          0 |        30 
       122 |        12         14          0 |        26 
       123 |        17         17          0 |        34 
       124 |        12         13          0 |        25 
       125 |        22          6          0 |        28 
       126 |         6         15          0 |        21 
       127 |         8         14          0 |        22 
       128 |         8          9          0 |        17 
       129 |        11          9          0 |        20 
       130 |         5         13          0 |        18 
       131 |         4          9          0 |        13 
       132 |         8         17          0 |        25 
       133 |        19         12          0 |        31 
       134 |         9         12          0 |        21 
       135 |         9          9          0 |        18 
       136 |        13         16          0 |        29 
       137 |         6         16          0 |        22 
       138 |        16         14          0 |        30 
       139 |        12          3          0 |        15 
       140 |        14         11          0 |        25 
       141 |        10          9          0 |        19 
       142 |         9         10          0 |        19 
       143 |        11         14          0 |        25 
       144 |        18         15          0 |        33 
       145 |        15          6          0 |        21 
       146 |        12          8          0 |        20 
       147 |        14          9          0 |        23 
       148 |        16          8          0 |        24 
       149 |         8         11          0 |        19 
       150 |        11         11          0 |        22 
       151 |        11          9          0 |        20 
       152 |        10         13          0 |        23 
       153 |        14         11          0 |        25 
       154 |         5         16          0 |        21 
       155 |         6         12          0 |        18 
       156 |         7         11          0 |        18 
       157 |        13          6          0 |        19 
       158 |        15         12          0 |        27 
       159 |         6         14          0 |        20 
       160 |        15         11          0 |        26 
       161 |         8          3          0 |        11 
       162 |         8          7          0 |        15 
       163 |        19         13          0 |        32 
       164 |        10          5          0 |        15 
       165 |         9         10          0 |        19 
       166 |         6         14          0 |        20 
       167 |        10         16          0 |        26 
       168 |         9          8          0 |        17 
       169 |         6         12          0 |        18 
       170 |        14         10          0 |        24 
       171 |        10         11          0 |        21 
       172 |         7          4          0 |        11 
       173 |        10          7          0 |        17 
       174 |        11         13          0 |        24 
       175 |         7         11          0 |        18 
       176 |        17         15          0 |        32 
       177 |        12          5          0 |        17 
       178 |        12         11          0 |        23 
       179 |        12         21          0 |        33 
       180 |        18         15          0 |        33 
       181 |        12         14          0 |        26 
       182 |         3         10          0 |        13 
       183 |         6         11          0 |        17 
       184 |         7         16          0 |        23 
       185 |        11         15          0 |        26 
       186 |         8         20          0 |        28 
       187 |        14          8          0 |        22 
       188 |         9          7          0 |        16 
       189 |         1         10          0 |        11 
       190 |         7         14          0 |        21 
       191 |        15         11          8 |        34 
       192 |        14         11          0 |        25 
       193 |        13          9          0 |        22 
       194 |        19          9          0 |        28 
       195 |        12         16          0 |        28 
       196 |        10         14          0 |        24 
       197 |        13          8          0 |        21 
       198 |        12          7          0 |        19 
       199 |        13         15          0 |        28 
       200 |        19          4          0 |        23 
       201 |        15         11          0 |        26 
       202 |         6          6          0 |        12 
       203 |         7          0          0 |         7 
       204 |         5         13          0 |        18 
       205 |         8          5          0 |        13 
       206 |        10         17          0 |        27 
       207 |         9          8          0 |        17 
       208 |        10          9          0 |        19 
       209 |         7         16          0 |        23 
       210 |        11          3          0 |        14 
       211 |        11          6          0 |        17 
       212 |         7         18          0 |        25 
       213 |         7         10          0 |        17 
       214 |         9         10          0 |        19 
       215 |        14         10          0 |        24 
       216 |        13         10          0 |        23 
       217 |        11         15          7 |        33 
       218 |         3         11          0 |        14 
       219 |         9         16          0 |        25 
       220 |        13          9          0 |        22 
       221 |         8          6          0 |        14 
       222 |        10         11          0 |        21 
       223 |        13          8          0 |        21 
       224 |        12         13          0 |        25 
       225 |        14         13          0 |        27 
       226 |         9         12          0 |        21 
       227 |        11         17          0 |        28 
       228 |         9         16          0 |        25 
       229 |        12         12          0 |        24 
       230 |        10         17          0 |        27 
       231 |        10          9          0 |        19 
       232 |        11          5          0 |        16 
       233 |        13         13          0 |        26 
       234 |        14         13          0 |        27 
       235 |        10         13          0 |        23 
       236 |        13          9          0 |        22 
       237 |        14         10         14 |        38 
       238 |        11         11          0 |        22 
       239 |        12         12          0 |        24 
       240 |         3          5          0 |         8 
       241 |         6          6          7 |        19 
       242 |        17          7          0 |        24 
       243 |         9         14          0 |        23 
       244 |         7          8          0 |        15 
       245 |         9          6          0 |        15 
       246 |         9          9          0 |        18 
       247 |        15          6         14 |        35 
       248 |        11         13          0 |        24 
       249 |        10         13          0 |        23 
       250 |         9          7         13 |        29 
       251 |         7         17          0 |        24 
       252 |        12         12          0 |        24 
       253 |        13         10          0 |        23 
       254 |         5         14          0 |        19 
       255 |        15          9          0 |        24 
       256 |         4         10         14 |        28 
       257 |         9         10          0 |        19 
       258 |         7         11          0 |        18 
       259 |         9          7          0 |        16 
       260 |        15          9          0 |        24 
       261 |        12         14          0 |        26 
       262 |         6          9          0 |        15 
       263 |         5          5          0 |        10 
       264 |        10         15          8 |        33 
       265 |         4         15          0 |        19 
       266 |        14         14          0 |        28 
       267 |         6          8          0 |        14 
       268 |        14         17         17 |        48 
       269 |         5         11          0 |        16 
       270 |         8          6          0 |        14 
       271 |         5          7          0 |        12 
       272 |         8          6          0 |        14 
       273 |        10          9          0 |        19 
       274 |        10         13          0 |        23 
       275 |        11         16          0 |        27 
       276 |         4         19          0 |        23 
       277 |        15          8          0 |        23 
       278 |        15         16          0 |        31 
       279 |        12         11          0 |        23 
       280 |        10         10          0 |        20 
       281 |        13         11          0 |        24 
       282 |        11         13          0 |        24 
       283 |         4          7          0 |        11 
       284 |        12          9          0 |        21 
       285 |        19         16          0 |        35 
       286 |        13         11          0 |        24 
       287 |        17         11          0 |        28 
       288 |        15         16          0 |        31 
       289 |        12         17          0 |        29 
       290 |        13         18          0 |        31 
       291 |        18         10          0 |        28 
       292 |        18          8          0 |        26 
       293 |        14         16          0 |        30 
       294 |         6         14          0 |        20 
       295 |        10         16          0 |        26 
       296 |        16         12          0 |        28 
       297 |        21         13          0 |        34 
       298 |         8         12          0 |        20 
       299 |        11          7          0 |        18 
       300 |        14         12          0 |        26 
       301 |        15         13          0 |        28 
       302 |        15         14          0 |        29 
       303 |         9         21          0 |        30 
       304 |        20         13          0 |        33 
       305 |         1         21          0 |        22 
       306 |        13          4          0 |        17 
       307 |        11         12          0 |        23 
       308 |         7          6         10 |        23 
       309 |        10         13          0 |        23 
       310 |         6         11          0 |        17 
       311 |        11          9          0 |        20 
       312 |        13          5          0 |        18 
       313 |         6          6          0 |        12 
       314 |        13          8          0 |        21 
       315 |         7          9          0 |        16 
       316 |        13         11          0 |        24 
       317 |         6         16          0 |        22 
       318 |        13          9          0 |        22 
       319 |         4          9          0 |        13 
       320 |         8         16          0 |        24 
       321 |         9          4          0 |        13 
       322 |         7         13          0 |        20 
       323 |         4          7          0 |        11 
       324 |        13         15          6 |        34 
       325 |        19         13          0 |        32 
       326 |         7         12          0 |        19 
       327 |        21         11          0 |        32 
       328 |        14          9          0 |        23 
       329 |         9         14          0 |        23 
       330 |         3          8          0 |        11 
       331 |        12          6          0 |        18 
       332 |        10         15          0 |        25 
       333 |        13         10          0 |        23 
       334 |         6         15          0 |        21 
       335 |        13          9          0 |        22 
       336 |         7         15          0 |        22 
       337 |         2         12          0 |        14 
       338 |        15         20          0 |        35 
       339 |        14          8          0 |        22 
       340 |        13         15          0 |        28 
       341 |         3         10          0 |        13 
       342 |        18          8          0 |        26 
       343 |        21          7          0 |        28 
       344 |         7         15          0 |        22 
       345 |        11          8          0 |        19 
       346 |        11          8          0 |        19 
       347 |        13          6          0 |        19 
       348 |         9          8          0 |        17 
       349 |        12         10          0 |        22 
       350 |        12         11          0 |        23 
       351 |         6         10          0 |        16 
       352 |         8         11         13 |        32 
       353 |         6         17          0 |        23 
       354 |        12         14          0 |        26 
       355 |        16         15          0 |        31 
       356 |         9         13          0 |        22 
       357 |        13         10          7 |        30 
       358 |        17         10          0 |        27 
       359 |         8         11          6 |        25 
       360 |         6         13          0 |        19 
       361 |        12         12          0 |        24 
       362 |        10         14          0 |        24 
       363 |        15         15          0 |        30 
       364 |         7          9          0 |        16 
       365 |         6         16          0 |        22 
       366 |        12         10          0 |        22 
       367 |        15          8          0 |        23 
       368 |        16         12          0 |        28 
       369 |        11         14          0 |        25 
       370 |        13         19          0 |        32 
       371 |        12         15          0 |        27 
       372 |        15         11          0 |        26 
       373 |        14         15          0 |        29 
       374 |         9          6          0 |        15 
       375 |         9         10          0 |        19 
       376 |         8         11          0 |        19 
       377 |        10         17         11 |        38 
       378 |         8         10          0 |        18 
       379 |         7         10          0 |        17 
       380 |        10          7          0 |        17 
       381 |         8         11          6 |        25 
       382 |         7          8          0 |        15 
       383 |        15         13          0 |        28 
       384 |         6          7          0 |        13 
       385 |        18          4          0 |        22 
       386 |        12         11          0 |        23 
       387 |        13         12          0 |        25 
       388 |         8          7          0 |        15 
       389 |         5         10          0 |        15 
       390 |        15         12          0 |        27 
       391 |        12         12          0 |        24 
       392 |        11          7         14 |        32 
       393 |         9          8          0 |        17 
       394 |        12         20          0 |        32 
       395 |        14          8          0 |        22 
       396 |        12         11          0 |        23 
       397 |         9         11          0 |        20 
       398 |         9          9          0 |        18 
       399 |         8          9          0 |        17 
       400 |         9          5          0 |        14 
       401 |        16         14          0 |        30 
       402 |        15         15          0 |        30 
       403 |         4         13          0 |        17 
       404 |         9         10          0 |        19 
       405 |         7          5          0 |        12 
       406 |        10         13          0 |        23 
       407 |         5         11          0 |        16 
       408 |        11         10          0 |        21 
       409 |         6          9          0 |        15 
       410 |        19          9          0 |        28 
       411 |        15         14          0 |        29 
       412 |        12          6          0 |        18 
       413 |         7          4          0 |        11 
       414 |         8         17          0 |        25 
       415 |        12          5          0 |        17 
       416 |         8         11          0 |        19 
       417 |        14          8          0 |        22 
       418 |         8         13          9 |        30 
       419 |        14         16          0 |        30 
       420 |         5          8          0 |        13 
       421 |         8         11          0 |        19 
       422 |        15          9          0 |        24 
       423 |         9          9          0 |        18 
       424 |        11         14         10 |        35 
       425 |        11         14         12 |        37 
       426 |        17          7         18 |        42 
       427 |        26          2          0 |        28 
       428 |         6         12          8 |        26 
       429 |        17          9          0 |        26 
       430 |         1          4          0 |         5 
       431 |         3          6          0 |         9 
       432 |        11         12          0 |        23 
       433 |         7         15          0 |        22 
       434 |        24         15          4 |        43 
       435 |         6          8          0 |        14 
       436 |         4         15         14 |        33 
       437 |        11          3          0 |        14 
       438 |         6         13          0 |        19 
       439 |        14         11          0 |        25 
       440 |        27         11          0 |        38 
       441 |        13          7          3 |        23 
       442 |         1          9          0 |        10 
       443 |         7          7          0 |        14 
       444 |        14         10          0 |        24 
       445 |        13         12          0 |        25 
       446 |        13          3          0 |        16 
       447 |         9         10          5 |        24 
       448 |         6         13          0 |        19 
       449 |        11          5          0 |        16 
       450 |         5         20          0 |        25 
       451 |         8          2          6 |        16 
       452 |        12         15          0 |        27 
       453 |         2         21          0 |        23 
       454 |        10         11          0 |        21 
       455 |        11          6         14 |        31 
       456 |         9          1          0 |        10 
       457 |         7          7          0 |        14 
       458 |         7         11          0 |        18 
       459 |         4         16          0 |        20 
       460 |         3         10          0 |        13 
       461 |         5          8          0 |        13 
-----------+---------------------------------+----------
     Total |     3,841      3,951        288 |     8,080 


. do "/var/folders/h_/wc0n_t2j437g61hxg5t3sbdw1bjh2n/T//SD22382.000000"

. use ../../data/plans.dta, clear

. 
. /* TS estimation */ 
. 
. svyset psu [pw=f1pnlwt],strata(strat_id)

      pweight: f1pnlwt
          VCE: linearized
  Single unit: missing
     Strata 1: strat_id
         SU 1: psu
        FPC 1: <zero>

. 
. mean bynels2m, over(byrace)

Mean estimation                     Number of obs    =   16160

    _subpop_1: byrace = {survey component legitimate ski
    _subpop_2: byrace = {nonrespondent}
    _subpop_3: byrace = amer. indian/alaska native, non-
    _subpop_4: byrace = asian, hawaii/pac. islander,non-
    _subpop_5: byrace = black or african american, non-h
    _subpop_6: byrace = hispanic, no race specified
    _subpop_7: byrace = hispanic, race specified
    _subpop_8: byrace = multiracial, non-hispanic
    _subpop_9: byrace = white, non-hispanic

--------------------------------------------------------------
        Over |       Mean   Std. Err.     [95% Conf. Interval]
-------------+------------------------------------------------
bynels2m     |
   _subpop_1 |         -8          0             .           .
   _subpop_2 |   44.80427   .4417672      43.93836    45.67019
   _subpop_3 |   38.50031   .9723931      36.59431    40.40631
   _subpop_4 |   49.51846   .3734691      48.78642     50.2505
   _subpop_5 |    36.4727   .2537438      35.97533    36.97007
   _subpop_6 |   38.38982   .3988786      37.60797    39.17167
   _subpop_7 |     38.626   .3791879      37.88275    39.36925
   _subpop_8 |   44.92767   .4869373      43.97322    45.88212
   _subpop_9 |     48.644   .1346947      48.37998    48.90801
--------------------------------------------------------------

. 
. svy: mean bynels2m, over(byrace) 
(running mean on estimation sample)

Survey: Mean estimation

Number of strata =     361         Number of obs    =    16160
Number of PSUs   =     751         Population size  =  3388462
                                   Design df        =      390

    _subpop_1: byrace = {survey component legitimate ski
    _subpop_2: byrace = {nonrespondent}
    _subpop_3: byrace = amer. indian/alaska native, non-
    _subpop_4: byrace = asian, hawaii/pac. islander,non-
    _subpop_5: byrace = black or african american, non-h
    _subpop_6: byrace = hispanic, no race specified
    _subpop_7: byrace = hispanic, race specified
    _subpop_8: byrace = multiracial, non-hispanic
    _subpop_9: byrace = white, non-hispanic

--------------------------------------------------------------
             |             Linearized
        Over |       Mean   Std. Err.     [95% Conf. Interval]
-------------+------------------------------------------------
bynels2m     |
   _subpop_1 |          .  (sum of weights equals zero)
   _subpop_2 |   42.73409   .5619385      41.62929     43.8389
   _subpop_3 |   38.48761   1.361135      35.81153    41.16369
   _subpop_4 |   49.75732   .8126979      48.15951    51.35514
   _subpop_5 |   35.80617   .4354775      34.94999    36.66235
   _subpop_6 |   37.81636   .5967934      36.64302    38.98969
   _subpop_7 |   37.85814   .5601426      36.75686    38.95941
   _subpop_8 |   43.50999   .6856923      42.16187     44.8581
   _subpop_9 |   48.44039    .254996      47.93906    48.94173
--------------------------------------------------------------

. 
. 
. use ../../data/plans.dta, clear

. 
. sample 50
(8080 observations deleted)

. 
. svyset psu [pw=f1pnlwt],strata(strat_id)

      pweight: f1pnlwt
          VCE: linearized
  Single unit: missing
     Strata 1: strat_id
         SU 1: psu
        FPC 1: <zero>

. 
. svydes 

Survey: Describing stage 1 sampling units

      pweight: f1pnlwt
          VCE: linearized
  Single unit: missing
     Strata 1: strat_id
         SU 1: psu
        FPC 1: <zero>

                                      #Obs per Unit
                              ----------------------------
Stratum    #Units     #Obs      min       mean      max   
--------  --------  --------  --------  --------  --------
     101         2        19         6       9.5        13
     102         2        29        13      14.5        16
     103         3        38         9      12.7        15
     104         2        27        11      13.5        16
     105         2        32        12      16.0        20
     106         2        17         5       8.5        12
     107         2        28        13      14.0        15
     108         2        22         7      11.0        15
     109         2        26        10      13.0        16
     110         2        26        13      13.0        13
     111         2        24         9      12.0        15
     112         2        25         9      12.5        16
     113         2        33        14      16.5        19
     114         2        23         9      11.5        14
     115         2        27        13      13.5        14
     116         2        15         5       7.5        10
     117         2        14         6       7.0         8
     118         2        23         9      11.5        14
     119         2        21         8      10.5        13
     120         2        30        15      15.0        15
     121         2        37        17      18.5        20
     122         2        29        14      14.5        15
     123         2        32        16      16.0        16
     124         2        36        17      18.0        19
     125         2        24         8      12.0        16
     126         2        24         9      12.0        15
     127         2        22         7      11.0        15
     128         2        12         4       6.0         8
     129         2        28        12      14.0        16
     130         2        24        11      12.0        13
     131         2        19         7       9.5        12
     132         2        24         9      12.0        15
     133         2        24         8      12.0        16
     134         2        22        11      11.0        11
     135         2        20         7      10.0        13
     136         2        27        12      13.5        15
     137         2        19         9       9.5        10
     138         2        25        10      12.5        15
     139         2        18         7       9.0        11
     140         2        22         8      11.0        14
     141         2        18         8       9.0        10
     142         2        22         9      11.0        13
     143         2        27        13      13.5        14
     144         2        40        18      20.0        22
     145         2        17         6       8.5        11
     146         2        22        11      11.0        11
     147         2        17         3       8.5        14
     148         2        19         9       9.5        10
     149         2        24        11      12.0        13
     150         2        22         9      11.0        13
     151         2        21         8      10.5        13
     152         2        23         8      11.5        15
     153         2        24         7      12.0        17
     154         2        18         7       9.0        11
     155         2        17         6       8.5        11
     156         2        19         9       9.5        10
     157         2        18         7       9.0        11
     158         2        33        11      16.5        22
     159         2        26         7      13.0        19
     160         2        24         9      12.0        15
     161         2        12         6       6.0         6
     162         2        11         4       5.5         7
     163         2        28        13      14.0        15
     164         2        25        12      12.5        13
     165         2        17         4       8.5        13
     166         2        16         7       8.0         9
     167         2        22        11      11.0        11
     168         2        18         6       9.0        12
     169         2        25         8      12.5        17
     170         2        22         7      11.0        15
     171         2        18         9       9.0         9
     172         2        17         7       8.5        10
     173         2        19         8       9.5        11
     174         2        25        12      12.5        13
     175         2        17         6       8.5        11
     176         2        28        14      14.0        14
     177         2        24        11      12.0        13
     178         2        19         7       9.5        12
     179         2        37        14      18.5        23
     180         2        27        10      13.5        17
     181         2        25        11      12.5        14
     182         2        15         3       7.5        12
     183         2        11         3       5.5         8
     184         2        21         9      10.5        12
     185         2        22        11      11.0        11
     186         2        20        10      10.0        10
     187         2        19         9       9.5        10
     188         2        16         6       8.0        10
     189         2        10         2       5.0         8
     190         2        14         6       7.0         8
     191         3        29         9       9.7        11
     192         2        21         8      10.5        13
     193         2        21        10      10.5        11
     194         2        23         8      11.5        15
     195         2        33        16      16.5        17
     196         2        27        11      13.5        16
     197         2        25        11      12.5        14
     198         2        26         9      13.0        17
     199         2        30        15      15.0        15
     200         2        20         4      10.0        16
     201         2        23        11      11.5        12
     202         2         9         4       4.5         5
     203         2        17         6       8.5        11
     204         2        20         5      10.0        15
     205         2        16         5       8.0        11
     206         2        32        15      16.0        17
     207         2        21        10      10.5        11
     208         2        16         6       8.0        10
     209         2        22         9      11.0        13
     210         2        20         6      10.0        14
     211         2        21         8      10.5        13
     212         2        20         5      10.0        15
     213         2        21         6      10.5        15
     214         2        20         9      10.0        11
     215         2        19         9       9.5        10
     216         2        29        13      14.5        16
     217         3        38         9      12.7        16
     218         2        16         4       8.0        12
     219         2        34        15      17.0        19
     220         2        17         5       8.5        12
     221         2        19         9       9.5        10
     222         2        20         9      10.0        11
     223         2        22        11      11.0        11
     224         2        24        10      12.0        14
     225         2        20        10      10.0        10
     226         2        21         9      10.5        12
     227         2        25        11      12.5        14
     228         2        17         8       8.5         9
     229         2        26        13      13.0        13
     230         2        24         8      12.0        16
     231         2        19         8       9.5        11
     232         2        18         6       9.0        12
     233         2        31        13      15.5        18
     234         2        21        10      10.5        11
     235         2        18         8       9.0        10
     236         2        26        10      13.0        16
     237         3        25         4       8.3        14
     238         2        17         8       8.5         9
     239         2        26        10      13.0        16
     240         2        17         7       8.5        10
     241         3        28         8       9.3        11
     242         2        18         7       9.0        11
     243         2        26        11      13.0        15
     244         2        15         3       7.5        12
     245         2        17         7       8.5        10
     246         2        19         9       9.5        10
     247         3        30         6      10.0        15
     248         2        25        12      12.5        13
     249         2        20         9      10.0        11
     250         3        25         6       8.3        10
     251         2        29        12      14.5        17
     252         2        23         9      11.5        14
     253         2        25        11      12.5        14
     254         2        20         7      10.0        13
     255         2        17         7       8.5        10
     256         3        30         3      10.0        18
     257         2        21        10      10.5        11
     258         2        22         7      11.0        15
     259         2        16         8       8.0         8
     260         2        20         8      10.0        12
     261         2        21        10      10.5        11
     262         2        19         7       9.5        12
     263         2        14         6       7.0         8
     264         3        35         7      11.7        16
     265         2        20         8      10.0        12
     266         2        29        11      14.5        18
     267         2        24        10      12.0        14
     268         3        42        12      14.0        16
     269         2        21         5      10.5        16
     270         2        16         8       8.0         8
     271         2        12         5       6.0         7
     272         2        19         4       9.5        15
     273         2        21        10      10.5        11
     274         2        28        14      14.0        14
     275         2        22        10      11.0        12
     276         2        15         3       7.5        12
     277         2        26        12      13.0        14
     278         2        28        12      14.0        16
     279         2        19         8       9.5        11
     280         2        20         9      10.0        11
     281         2        29        13      14.5        16
     282         2        24        11      12.0        13
     283         2        19         6       9.5        13
     284         2        22         7      11.0        15
     285         2        37        17      18.5        20
     286         2        21        10      10.5        11
     287         2        26         7      13.0        19
     288         2        23        10      11.5        13
     289         2        30        15      15.0        15
     290         2        32        10      16.0        22
     291         2        35        15      17.5        20
     292         2        20         8      10.0        12
     293         2        30        11      15.0        19
     294         2        20         7      10.0        13
     295         2        28        10      14.0        18
     296         2        33        16      16.5        17
     297         2        33        16      16.5        17
     298         2        21        10      10.5        11
     299         2        15         5       7.5        10
     300         2        23        11      11.5        12
     301         2        30        13      15.0        17
     302         2        31        15      15.5        16
     303         2        28        12      14.0        16
     304         2        23        11      11.5        12
     305         2        17         3       8.5        14
     306         2        26         6      13.0        20
     307         2        23         8      11.5        15
     308         3        31         7      10.3        13
     309         2        27        12      13.5        15
     310         2        18         8       9.0        10
     311         2        22         8      11.0        14
     312         2        14         3       7.0        11
     313         2        12         3       6.0         9
     314         2        21        10      10.5        11
     315         2        26        12      13.0        14
     316         2        24        11      12.0        13
     317         2        16         4       8.0        12
     318         2        15         5       7.5        10
     319         2        12         5       6.0         7
     320         2        18         5       9.0        13
     321         2        11         4       5.5         7
     322         2        17         5       8.5        12
     323         2        13         6       6.5         7
     324         3        24         4       8.0        11
     325         2        25        10      12.5        15
     326         2        24        12      12.0        12
     327         2        30        10      15.0        20
     328         2        16         8       8.0         8
     329         2        19         6       9.5        13
     330         2        14         4       7.0        10
     331         2        26        11      13.0        15
     332         2        24         7      12.0        17
     333         2        29        14      14.5        15
     334         2        32        11      16.0        21
     335         2        23         8      11.5        15
     336         2        27        11      13.5        16
     337         2        22        11      11.0        11
     338         2        25        12      12.5        13
     339         2        17         8       8.5         9
     340         2        20         7      10.0        13
     341         2        17         8       8.5         9
     342         2        21         9      10.5        12
     343         2        25         8      12.5        17
     344         2        22         9      11.0        13
     345         2        17         7       8.5        10
     346         2        19         8       9.5        11
     347         2        17         6       8.5        11
     348         2        17         8       8.5         9
     349         2        21         9      10.5        12
     350         2        19         8       9.5        11
     351         2        19         7       9.5        12
     352         3        41        13      13.7        14
     353         2        19         4       9.5        15
     354         2        27        12      13.5        15
     355         2        24        11      12.0        13
     356         2        22        10      11.0        12
     357         3        25         6       8.3        10
     358         2        22        10      11.0        12
     359         3        33         7      11.0        14
     360         2        16         7       8.0         9
     361         2        27        12      13.5        15
     362         2        20         8      10.0        12
     363         2        21         9      10.5        12
     364         2        19         8       9.5        11
     365         2        16         6       8.0        10
     366         2        23         9      11.5        14
     367         2        23        11      11.5        12
     368         2        29        10      14.5        19
     369         2        28        13      14.0        15
     370         2        30        14      15.0        16
     371         2        21         9      10.5        12
     372         2        30        15      15.0        15
     373         2        24         9      12.0        15
     374         2        18         6       9.0        12
     375         2        27        10      13.5        17
     376         2        22        10      11.0        12
     377         3        35        10      11.7        14
     378         2        24        11      12.0        13
     379         2        21         7      10.5        14
     380         2        23        10      11.5        13
     381         3        23         6       7.7         9
     382         2        18         9       9.0         9
     383         2        22         9      11.0        13
     384         2        16         7       8.0         9
     385         2        19         8       9.5        11
     386         2        19         9       9.5        10
     387         2        14         6       7.0         8
     388         2        20         9      10.0        11
     389         2        18         4       9.0        14
     390         2        25        12      12.5        13
     391         2        24        11      12.0        13
     392         3        26         7       8.7        11
     393         2        25        11      12.5        14
     394         2        25         9      12.5        16
     395         2        21         6      10.5        15
     396         2        25        11      12.5        14
     397         2        20         8      10.0        12
     398         2        17         8       8.5         9
     399         2        12         5       6.0         7
     400         2        16         6       8.0        10
     401         2        30        14      15.0        16
     402         2        23         5      11.5        18
     403         2        20         9      10.0        11
     404         2        19         8       9.5        11
     405         2        15         4       7.5        11
     406         2        17         8       8.5         9
     407         2        14         5       7.0         9
     408         2        26        11      13.0        15
     409         2        13         6       6.5         7
     410         2        21         6      10.5        15
     411         2        24         8      12.0        16
     412         2        24         8      12.0        16
     413         2         9         4       4.5         5
     414         2        23         7      11.5        16
     415         2        24         8      12.0        16
     416         2        18         8       9.0        10
     417         2        22        10      11.0        12
     418         3        27         6       9.0        14
     419         2        20         8      10.0        12
     420         2        19         6       9.5        13
     421         2        17         8       8.5         9
     422         2        27        12      13.5        15
     423         2        11         3       5.5         8
     424         3        45        12      15.0        18
     425         3        34         8      11.3        15
     426         3        25         4       8.3        11
     427         2        24         2      12.0        22
     428         3        21         6       7.0         8
     429         2        25         8      12.5        17
     430         2         6         2       3.0         4
     431         2         7         2       3.5         5
     432         2        20         8      10.0        12
     433         2        21         8      10.5        13
     434         3        45         6      15.0        27
     435         2        10         1       5.0         9
     436         3        32         4      10.7        17
     437         2        11         1       5.5        10
     438         2        19         5       9.5        14
     439         2        31        14      15.5        17
     440         2        38        11      19.0        27
     441         3        25         3       8.3        13
     442         1*       11        11      11.0        11
     443         2        17         8       8.5         9
     444         2        28        11      14.0        17
     445         2        32        15      16.0        17
     446         2        15         3       7.5        12
     447         3        15         2       5.0         7
     448         2        24        11      12.0        13
     449         2        21         8      10.5        13
     450         2        16         6       8.0        10
     451         3        22         2       7.3        11
     452         2        33         9      16.5        24
     453         2        21         2      10.5        19
     454         2        21        10      10.5        11
     455         3        34         6      11.3        17
     456         2        11         3       5.5         8
     457         2        18         8       9.0        10
     458         2        15         7       7.5         8
     459         2        18         4       9.0        14
     460         2         9         2       4.5         7
     461         2        18         8       9.0        10
--------  --------  --------  --------  --------  --------
     361       750      8080         1      10.8        27

. 
. svy: mean bynels2m 
(running mean on estimation sample)

Survey: Mean estimation

Number of strata =     361         Number of obs    =     8080
Number of PSUs   =     750         Population size  =  1695686
                                   Design df        =      389

--------------------------------------------------------------
             |             Linearized
             |       Mean   Std. Err.     [95% Conf. Interval]
-------------+------------------------------------------------
    bynels2m |   44.74117          .             .           .
--------------------------------------------------------------
Note: Missing standard error because of stratum with single
      sampling unit.

. 
. exit 

end of do-file


. help svyset

. help svyset

. exit, clear
