\BOOKMARK [1][-]{section*.1}{Course Overview}{}% 1
\BOOKMARK [2][-]{section*.2}{Introduction}{section*.1}% 2
\BOOKMARK [2][-]{section*.3}{Grading}{section*.1}% 3
\BOOKMARK [2][-]{section*.4}{Texts}{section*.1}% 4
\BOOKMARK [2][-]{section*.5}{Software}{section*.1}% 5
\BOOKMARK [2][-]{section*.6}{Honor Code}{section*.1}% 6
\BOOKMARK [1][-]{section*.7}{Schedule for Meetings}{}% 7
\BOOKMARK [2][-]{section*.8}{August 29}{section*.7}% 8
\BOOKMARK [2][-]{section*.9}{September 5}{section*.7}% 9
\BOOKMARK [2][-]{section*.10}{Septermber 12}{section*.7}% 10
\BOOKMARK [2][-]{section*.11}{September 19}{section*.7}% 11
\BOOKMARK [2][-]{section*.12}{September 26}{section*.7}% 12
\BOOKMARK [2][-]{section*.13}{October 3}{section*.7}% 13
\BOOKMARK [2][-]{section*.14}{October 10}{section*.7}% 14
\BOOKMARK [2][-]{section*.15}{October 17}{section*.7}% 15
\BOOKMARK [2][-]{section*.16}{October 24}{section*.7}% 16
\BOOKMARK [2][-]{section*.17}{October 31}{section*.7}% 17
\BOOKMARK [2][-]{section*.18}{November 7}{section*.7}% 18
\BOOKMARK [2][-]{section*.19}{November 14}{section*.7}% 19
\BOOKMARK [2][-]{section*.20}{November 21}{section*.7}% 20
\BOOKMARK [2][-]{section*.21}{November 28}{section*.7}% 21
\BOOKMARK [2][-]{section*.22}{December 5}{section*.7}% 22
